<?xml version="1.0" encoding="UTF-8"?>
<robot generator="Robot 6.1.1 (Python 3.8.10 on win32)" generated="20231204 10:51:31.635" rpa="false" schemaversion="4">
<suite id="s1" name="TestCartpage &amp; TestInventoryPage &amp; TestLoginPage &amp; TestProductPage &amp; TestSidebar">
<suite id="s1-s1" name="TestCartpage" source="C:\Users\rahraw\SauceLabs\Testsuites\TestCartpage.robot">
<test id="s1-s1-t1" name="TC#1_Item details should be consistent across inventory and cart page" line="26">
<kw name="Setup for Login" library="InventoryPageKeywords" type="SETUP">
<kw name="Setup the Browser and Open SwagLabs Login Page" library="LoginPageKeywords">
<kw name="New Browser" library="Browser">
<arg>chromium</arg>
<arg>args=["--start-maximized"]</arg>
<arg>headless=true</arg>
<tag>BrowserControl</tag>
<tag>Setter</tag>
<doc>Create a new playwright Browser with specified options.</doc>
<msg timestamp="20231204 10:51:35.764" level="INFO">{"browser": "chromium", "headless": true, "args": ["--start-maximized"], "chromiumSandbox": false, "devtools": false, "handleSIGHUP": true, "handleSIGINT": true, "handleSIGTERM": true, "slowMo": 0.0, "timeout": 30000.0, "tracesDir": "C:\\Users\\rahraw\\SauceLabs\\Outputs\\browser\\traces\\ca635f3b-7824-41df-9e84-63bbda6bc6be"}</msg>
<msg timestamp="20231204 10:51:40.768" level="INFO">Successfully created browser with options: {"browser":"chromium","headless":true,"args":["--start-maximized"],"chromiumSandbox":false,"devtools":false,"handleSIGHUP":true,"handleSIGINT":true,"handleSIGTERM":true,"slowMo":0,"timeout":30000,"tracesDir":"C:\\Users\\rahraw\\SauceLabs\\Outputs\\browser\\traces\\ca635f3b-7824-41df-9e84-63bbda6bc6be"}</msg>
<status status="PASS" starttime="20231204 10:51:35.762" endtime="20231204 10:51:40.769"/>
</kw>
<kw name="New Context" library="Browser">
<arg>viewport=${None}</arg>
<tag>BrowserControl</tag>
<tag>Setter</tag>
<doc>Create a new BrowserContext with specified options.</doc>
<msg timestamp="20231204 10:51:40.773" level="INFO">{
  "acceptDownloads": true,
  "bypassCSP": false,
  "forcedColors": "none",
  "ignoreHTTPSErrors": false,
  "javaScriptEnabled": true,
  "offline": false,
  "reducedMotion": "no-preference",
  "serviceWorkers": "allow",
  "viewport": null
}</msg>
<msg timestamp="20231204 10:51:40.870" level="INFO">Successfully created context. </msg>
<msg timestamp="20231204 10:51:40.870" level="INFO">{'acceptDownloads': True, 'bypassCSP': False, 'forcedColors': 'none', 'ignoreHTTPSErrors': False, 'javaScriptEnabled': True, 'offline': False, 'reducedMotion': 'no-preference', 'serviceWorkers': 'allow', 'viewport': None}</msg>
<status status="PASS" starttime="20231204 10:51:40.769" endtime="20231204 10:51:40.871"/>
</kw>
<kw name="Go to Site" library="LoginPageKeywords">
<arg>${URL}</arg>
<kw name="New Page" library="Browser">
<arg>${url}</arg>
<tag>BrowserControl</tag>
<tag>Setter</tag>
<doc>Open a new Page.</doc>
<msg timestamp="20231204 10:51:44.438" level="INFO">Successfully initialized new page object and opened url: https://www.saucedemo.com/</msg>
<status status="PASS" starttime="20231204 10:51:40.872" endtime="20231204 10:51:44.438"/>
</kw>
<status status="PASS" starttime="20231204 10:51:40.871" endtime="20231204 10:51:44.438"/>
</kw>
<status status="PASS" starttime="20231204 10:51:35.761" endtime="20231204 10:51:44.439"/>
</kw>
<kw name="Login SwagLabs" library="LoginPageKeywords">
<arg>${username}</arg>
<arg>${password}</arg>
<kw name="Enter Credentials" library="LoginPageKeywords">
<arg>${username}</arg>
<arg>${password}</arg>
<doc>keyword to enter credentials on login screen</doc>
<kw name="Type Text" library="Browser">
<arg>${username_field}</arg>
<arg>${username}</arg>
<tag>PageContent</tag>
<tag>Setter</tag>
<doc>Types the given ``txt`` into the text field found by ``selector``.</doc>
<msg timestamp="20231204 10:51:44.442" level="INFO">Types the text 'standard_user' in the given field.</msg>
<status status="PASS" starttime="20231204 10:51:44.441" endtime="20231204 10:51:44.741"/>
</kw>
<kw name="Type Secret" library="Browser">
<arg>${password_field}</arg>
<arg>$password</arg>
<tag>PageContent</tag>
<tag>Setter</tag>
<doc>Types the given secret from ``variable_name`` into the text field
found by ``selector``.</doc>
<status status="PASS" starttime="20231204 10:51:44.742" endtime="20231204 10:51:44.973"/>
</kw>
<status status="PASS" starttime="20231204 10:51:44.440" endtime="20231204 10:51:44.974"/>
</kw>
<kw name="Click" library="Browser">
<arg>${login_button}</arg>
<tag>PageContent</tag>
<tag>Setter</tag>
<doc>Simulates mouse click on the element found by ``selector``.</doc>
<status status="PASS" starttime="20231204 10:51:44.974" endtime="20231204 10:51:45.357"/>
</kw>
<status status="PASS" starttime="20231204 10:51:44.439" endtime="20231204 10:51:45.357"/>
</kw>
<status status="PASS" starttime="20231204 10:51:35.760" endtime="20231204 10:51:45.357"/>
</kw>
<kw name="Get random item index for inventory" library="InventoryPageKeywords">
<kw name="Generate Random String" library="String">
<var>${index}</var>
<arg>1</arg>
<arg>123456</arg>
<doc>Generates a string with a desired ``length`` from the given ``chars``.</doc>
<msg timestamp="20231204 10:51:45.360" level="INFO">${index} = 4</msg>
<status status="PASS" starttime="20231204 10:51:45.360" endtime="20231204 10:51:45.360"/>
</kw>
<kw name="Convert To Integer" library="BuiltIn">
<var>${index}</var>
<arg>${index}</arg>
<doc>Converts the given item to an integer number.</doc>
<msg timestamp="20231204 10:51:45.361" level="INFO">${index} = 4</msg>
<status status="PASS" starttime="20231204 10:51:45.361" endtime="20231204 10:51:45.362"/>
</kw>
<kw name="Create List" library="BuiltIn">
<var>${index_element}</var>
<arg>${index}</arg>
<doc>Returns a list containing given items.</doc>
<msg timestamp="20231204 10:51:45.363" level="INFO">${index_element} = [4]</msg>
<status status="PASS" starttime="20231204 10:51:45.362" endtime="20231204 10:51:45.363"/>
</kw>
<kw name="Set Test Variable" library="BuiltIn">
<arg>${index}</arg>
<doc>Makes a variable available everywhere within the scope of the current test.</doc>
<msg timestamp="20231204 10:51:45.364" level="INFO">${index} = 4</msg>
<status status="PASS" starttime="20231204 10:51:45.363" endtime="20231204 10:51:45.364"/>
</kw>
<kw name="Set Test Variable" library="BuiltIn">
<arg>${index_element}</arg>
<doc>Makes a variable available everywhere within the scope of the current test.</doc>
<msg timestamp="20231204 10:51:45.365" level="INFO">${index_element} = [4]</msg>
<status status="PASS" starttime="20231204 10:51:45.365" endtime="20231204 10:51:45.366"/>
</kw>
<status status="PASS" starttime="20231204 10:51:45.359" endtime="20231204 10:51:45.366"/>
</kw>
<kw name="Add a random item to cart" library="InventoryPageKeywords">
<arg>${index_element}</arg>
<kw name="Create item property locators" library="InventoryPageKeywords">
<arg>${index_element}</arg>
<kw name="Catenate" library="BuiltIn">
<var>${item_path}</var>
<arg>${items}${index_element}</arg>
<doc>Catenates the given items together and returns the resulted string.</doc>
<msg timestamp="20231204 10:51:45.371" level="INFO">${item_path} = xpath=//*[@class="inventory_item"][4]</msg>
<status status="PASS" starttime="20231204 10:51:45.371" endtime="20231204 10:51:45.372"/>
</kw>
<kw name="Catenate" library="BuiltIn">
<var>${item_image}</var>
<arg>${item_path}${image_path}</arg>
<doc>Catenates the given items together and returns the resulted string.</doc>
<msg timestamp="20231204 10:51:45.372" level="INFO">${item_image} = xpath=//*[@class="inventory_item"][4]//a/img</msg>
<status status="PASS" starttime="20231204 10:51:45.372" endtime="20231204 10:51:45.372"/>
</kw>
<kw name="Catenate" library="BuiltIn">
<var>${item_name}</var>
<arg>${item_path}${name_path}</arg>
<doc>Catenates the given items together and returns the resulted string.</doc>
<msg timestamp="20231204 10:51:45.374" level="INFO">${item_name} = xpath=//*[@class="inventory_item"][4]//div[@class='inventory_item_description']//a/div</msg>
<status status="PASS" starttime="20231204 10:51:45.373" endtime="20231204 10:51:45.374"/>
</kw>
<kw name="Catenate" library="BuiltIn">
<var>${item_description}</var>
<arg>${item_path}${description_path}</arg>
<doc>Catenates the given items together and returns the resulted string.</doc>
<msg timestamp="20231204 10:51:45.375" level="INFO">${item_description} = xpath=//*[@class="inventory_item"][4]//div[@class='inventory_item_desc']</msg>
<status status="PASS" starttime="20231204 10:51:45.374" endtime="20231204 10:51:45.375"/>
</kw>
<kw name="Catenate" library="BuiltIn">
<var>${item_price}</var>
<arg>${item_path}${price_path}</arg>
<doc>Catenates the given items together and returns the resulted string.</doc>
<msg timestamp="20231204 10:51:45.376" level="INFO">${item_price} = xpath=//*[@class="inventory_item"][4]//div[@class='pricebar']/div</msg>
<status status="PASS" starttime="20231204 10:51:45.376" endtime="20231204 10:51:45.377"/>
</kw>
<kw name="Catenate" library="BuiltIn">
<var>${add_item_to_cart}</var>
<arg>${item_path}${add_to_cart_button}</arg>
<doc>Catenates the given items together and returns the resulted string.</doc>
<msg timestamp="20231204 10:51:45.377" level="INFO">${add_item_to_cart} = xpath=//*[@class="inventory_item"][4]//button[@class='btn btn_primary btn_small btn_inventory ']</msg>
<status status="PASS" starttime="20231204 10:51:45.377" endtime="20231204 10:51:45.377"/>
</kw>
<kw name="Catenate" library="BuiltIn">
<var>${item_remove_button}</var>
<arg>${item_path}${remove_button}</arg>
<doc>Catenates the given items together and returns the resulted string.</doc>
<msg timestamp="20231204 10:51:45.378" level="INFO">${item_remove_button} = xpath=//*[@class="inventory_item"][4]//button[@class='btn btn_secondary btn_small btn_inventory ']</msg>
<status status="PASS" starttime="20231204 10:51:45.378" endtime="20231204 10:51:45.379"/>
</kw>
<kw name="Set Test Variable" library="BuiltIn">
<arg>${item_path}</arg>
<doc>Makes a variable available everywhere within the scope of the current test.</doc>
<msg timestamp="20231204 10:51:45.380" level="INFO">${item_path} = xpath=//*[@class="inventory_item"][4]</msg>
<status status="PASS" starttime="20231204 10:51:45.379" endtime="20231204 10:51:45.380"/>
</kw>
<kw name="Set Test Variable" library="BuiltIn">
<arg>${item_image}</arg>
<doc>Makes a variable available everywhere within the scope of the current test.</doc>
<msg timestamp="20231204 10:51:45.381" level="INFO">${item_image} = xpath=//*[@class="inventory_item"][4]//a/img</msg>
<status status="PASS" starttime="20231204 10:51:45.380" endtime="20231204 10:51:45.382"/>
</kw>
<kw name="Set Test Variable" library="BuiltIn">
<arg>${item_name}</arg>
<doc>Makes a variable available everywhere within the scope of the current test.</doc>
<msg timestamp="20231204 10:51:45.383" level="INFO">${item_name} = xpath=//*[@class="inventory_item"][4]//div[@class='inventory_item_description']//a/div</msg>
<status status="PASS" starttime="20231204 10:51:45.382" endtime="20231204 10:51:45.383"/>
</kw>
<kw name="Set Test Variable" library="BuiltIn">
<arg>${item_description}</arg>
<doc>Makes a variable available everywhere within the scope of the current test.</doc>
<msg timestamp="20231204 10:51:45.385" level="INFO">${item_description} = xpath=//*[@class="inventory_item"][4]//div[@class='inventory_item_desc']</msg>
<status status="PASS" starttime="20231204 10:51:45.383" endtime="20231204 10:51:45.385"/>
</kw>
<kw name="Set Test Variable" library="BuiltIn">
<arg>${item_price}</arg>
<doc>Makes a variable available everywhere within the scope of the current test.</doc>
<msg timestamp="20231204 10:51:45.386" level="INFO">${item_price} = xpath=//*[@class="inventory_item"][4]//div[@class='pricebar']/div</msg>
<status status="PASS" starttime="20231204 10:51:45.385" endtime="20231204 10:51:45.386"/>
</kw>
<kw name="Set Test Variable" library="BuiltIn">
<arg>${add_item_to_cart}</arg>
<doc>Makes a variable available everywhere within the scope of the current test.</doc>
<msg timestamp="20231204 10:51:45.387" level="INFO">${add_item_to_cart} = xpath=//*[@class="inventory_item"][4]//button[@class='btn btn_primary btn_small btn_inventory ']</msg>
<status status="PASS" starttime="20231204 10:51:45.387" endtime="20231204 10:51:45.387"/>
</kw>
<kw name="Set Test Variable" library="BuiltIn">
<arg>${item_remove_button}</arg>
<doc>Makes a variable available everywhere within the scope of the current test.</doc>
<msg timestamp="20231204 10:51:45.388" level="INFO">${item_remove_button} = xpath=//*[@class="inventory_item"][4]//button[@class='btn btn_secondary btn_small btn_inventory ']</msg>
<status status="PASS" starttime="20231204 10:51:45.387" endtime="20231204 10:51:45.388"/>
</kw>
<status status="PASS" starttime="20231204 10:51:45.370" endtime="20231204 10:51:45.388"/>
</kw>
<kw name="Scroll To Element" library="Browser">
<arg>${add_item_to_cart}</arg>
<tag>PageContent</tag>
<tag>Setter</tag>
<doc>This method waits for actionability checks, then tries to scroll element into view,
unless it is completely visible.</doc>
<status status="PASS" starttime="20231204 10:51:45.389" endtime="20231204 10:51:45.499"/>
</kw>
<kw name="Click" library="Browser">
<arg>${add_item_to_cart}</arg>
<tag>PageContent</tag>
<tag>Setter</tag>
<doc>Simulates mouse click on the element found by ``selector``.</doc>
<status status="PASS" starttime="20231204 10:51:45.499" endtime="20231204 10:51:45.585"/>
</kw>
<kw name="Get Text" library="Browser">
<arg>${item_remove_button}</arg>
<tag>Assertion</tag>
<tag>Getter</tag>
<tag>PageContent</tag>
<doc>Returns text attribute of the element found by ``selector``.</doc>
<msg timestamp="20231204 10:51:45.642" level="INFO">Text: 'Remove'</msg>
<status status="PASS" starttime="20231204 10:51:45.586" endtime="20231204 10:51:45.643"/>
</kw>
<status status="PASS" starttime="20231204 10:51:45.369" endtime="20231204 10:51:45.643"/>
</kw>
<kw name="Get Text" library="Browser">
<var>${inventory_name}</var>
<arg>${item_name}</arg>
<tag>Assertion</tag>
<tag>Getter</tag>
<tag>PageContent</tag>
<doc>Returns text attribute of the element found by ``selector``.</doc>
<msg timestamp="20231204 10:51:45.685" level="INFO">Text: 'Sauce Labs Fleece Jacket'</msg>
<msg timestamp="20231204 10:51:45.686" level="INFO">${inventory_name} = Sauce Labs Fleece Jacket</msg>
<status status="PASS" starttime="20231204 10:51:45.645" endtime="20231204 10:51:45.686"/>
</kw>
<kw name="Get Text" library="Browser">
<var>${inventory_description}</var>
<arg>${item_description}</arg>
<tag>Assertion</tag>
<tag>Getter</tag>
<tag>PageContent</tag>
<doc>Returns text attribute of the element found by ``selector``.</doc>
<msg timestamp="20231204 10:51:45.733" level="INFO">Text: "It's not every day that you come across a midweight quarter-zip fleece jacket capable of handling everything from a relaxing day outdoors to a busy day at the office."</msg>
<msg timestamp="20231204 10:51:45.733" level="INFO">${inventory_description} = It's not every day that you come across a midweight quarter-zip fleece jacket capable of handling everything from a relaxing day outdoors to a busy day at the office.</msg>
<status status="PASS" starttime="20231204 10:51:45.687" endtime="20231204 10:51:45.733"/>
</kw>
<kw name="Get Text" library="Browser">
<var>${inventory_price}</var>
<arg>${item_price}</arg>
<tag>Assertion</tag>
<tag>Getter</tag>
<tag>PageContent</tag>
<doc>Returns text attribute of the element found by ``selector``.</doc>
<msg timestamp="20231204 10:51:45.791" level="INFO">Text: '$49.99'</msg>
<msg timestamp="20231204 10:51:45.791" level="INFO">${inventory_price} = $49.99</msg>
<status status="PASS" starttime="20231204 10:51:45.741" endtime="20231204 10:51:45.791"/>
</kw>
<kw name="Validate item is added" library="InventoryPageKeywords">
<arg>1</arg>
<kw name="Validate item is added through shopping_cart_badge" library="InventoryPageKeywords">
<arg>${no_of_items_added}</arg>
<kw name="Convert To String" library="BuiltIn">
<var>${string}</var>
<arg>${no_of_items_added}</arg>
<doc>Converts the given item to a Unicode string.</doc>
<msg timestamp="20231204 10:51:45.798" level="INFO">${string} = 1</msg>
<status status="PASS" starttime="20231204 10:51:45.795" endtime="20231204 10:51:45.798"/>
</kw>
<kw name="Get Text" library="Browser">
<arg>${shopping_cart_badge}</arg>
<arg>==</arg>
<arg>${string}</arg>
<tag>Assertion</tag>
<tag>Getter</tag>
<tag>PageContent</tag>
<doc>Returns text attribute of the element found by ``selector``.</doc>
<msg timestamp="20231204 10:51:45.839" level="INFO">Text: '1'</msg>
<status status="PASS" starttime="20231204 10:51:45.799" endtime="20231204 10:51:45.839"/>
</kw>
<status status="PASS" starttime="20231204 10:51:45.794" endtime="20231204 10:51:45.840"/>
</kw>
<kw name="Validate item is added through cart" library="InventoryPageKeywords">
<arg>${no_of_items_added}</arg>
<kw name="Click" library="Browser">
<arg>${cart_link}</arg>
<tag>PageContent</tag>
<tag>Setter</tag>
<doc>Simulates mouse click on the element found by ``selector``.</doc>
<status status="PASS" starttime="20231204 10:51:45.842" endtime="20231204 10:51:45.942"/>
</kw>
<kw name="Get Text" library="Browser">
<arg>${page_title}</arg>
<arg>==</arg>
<arg>Your Cart</arg>
<tag>Assertion</tag>
<tag>Getter</tag>
<tag>PageContent</tag>
<doc>Returns text attribute of the element found by ``selector``.</doc>
<msg timestamp="20231204 10:51:45.981" level="INFO">Text: 'Your Cart'</msg>
<status status="PASS" starttime="20231204 10:51:45.942" endtime="20231204 10:51:45.981"/>
</kw>
<kw name="Get Element Count" library="Browser">
<arg>${cart_items}</arg>
<arg>==</arg>
<arg>${no_of_items_added}</arg>
<tag>Assertion</tag>
<tag>Getter</tag>
<tag>PageContent</tag>
<doc>Returns the count of elements found with ``selector``.</doc>
<status status="PASS" starttime="20231204 10:51:45.982" endtime="20231204 10:51:45.996"/>
</kw>
<status status="PASS" starttime="20231204 10:51:45.840" endtime="20231204 10:51:45.996"/>
</kw>
<status status="PASS" starttime="20231204 10:51:45.792" endtime="20231204 10:51:45.997"/>
</kw>
<kw name="Create cart item property locators" library="CartPageKeywords">
<arg>[1]</arg>
<kw name="Catenate" library="BuiltIn">
<var>${cart_item_path}</var>
<arg>${cart_items}${index_element}</arg>
<doc>Catenates the given items together and returns the resulted string.</doc>
<msg timestamp="20231204 10:51:45.999" level="INFO">${cart_item_path} = xpath=//div[@class='cart_item'][1]</msg>
<status status="PASS" starttime="20231204 10:51:45.999" endtime="20231204 10:51:45.999"/>
</kw>
<kw name="Catenate" library="BuiltIn">
<var>${cart_item_name}</var>
<arg>${cart_item_path}${cart_item_name}</arg>
<doc>Catenates the given items together and returns the resulted string.</doc>
<msg timestamp="20231204 10:51:46.001" level="INFO">${cart_item_name} = xpath=//div[@class='cart_item'][1]//div[@class="inventory_item_name"]</msg>
<status status="PASS" starttime="20231204 10:51:46.000" endtime="20231204 10:51:46.001"/>
</kw>
<kw name="Catenate" library="BuiltIn">
<var>${cart_item_description}</var>
<arg>${cart_item_path}${cart_item_description}</arg>
<doc>Catenates the given items together and returns the resulted string.</doc>
<msg timestamp="20231204 10:51:46.002" level="INFO">${cart_item_description} = xpath=//div[@class='cart_item'][1]//div[@class="inventory_item_desc"]</msg>
<status status="PASS" starttime="20231204 10:51:46.001" endtime="20231204 10:51:46.002"/>
</kw>
<kw name="Catenate" library="BuiltIn">
<var>${cart_item_price}</var>
<arg>${cart_item_path}${cart_item_price}</arg>
<doc>Catenates the given items together and returns the resulted string.</doc>
<msg timestamp="20231204 10:51:46.003" level="INFO">${cart_item_price} = xpath=//div[@class='cart_item'][1]//div[@class="inventory_item_price"]</msg>
<status status="PASS" starttime="20231204 10:51:46.002" endtime="20231204 10:51:46.003"/>
</kw>
<kw name="Catenate" library="BuiltIn">
<var>${cart_item_remove_button}</var>
<arg>${cart_item_path}${cart_item_remove_buttton}</arg>
<doc>Catenates the given items together and returns the resulted string.</doc>
<msg timestamp="20231204 10:51:46.004" level="INFO">${cart_item_remove_button} = xpath=//div[@class='cart_item'][1]//button[@class="btn btn_secondary btn_small cart_button"]</msg>
<status status="PASS" starttime="20231204 10:51:46.003" endtime="20231204 10:51:46.004"/>
</kw>
<kw name="Set Test Variable" library="BuiltIn">
<arg>${cart_item_path}</arg>
<doc>Makes a variable available everywhere within the scope of the current test.</doc>
<msg timestamp="20231204 10:51:46.005" level="INFO">${cart_item_path} = xpath=//div[@class='cart_item'][1]</msg>
<status status="PASS" starttime="20231204 10:51:46.004" endtime="20231204 10:51:46.005"/>
</kw>
<kw name="Set Test Variable" library="BuiltIn">
<arg>${cart_item_name}</arg>
<doc>Makes a variable available everywhere within the scope of the current test.</doc>
<msg timestamp="20231204 10:51:46.006" level="INFO">${cart_item_name} = xpath=//div[@class='cart_item'][1]//div[@class="inventory_item_name"]</msg>
<status status="PASS" starttime="20231204 10:51:46.005" endtime="20231204 10:51:46.006"/>
</kw>
<kw name="Set Test Variable" library="BuiltIn">
<arg>${cart_item_description}</arg>
<doc>Makes a variable available everywhere within the scope of the current test.</doc>
<msg timestamp="20231204 10:51:46.007" level="INFO">${cart_item_description} = xpath=//div[@class='cart_item'][1]//div[@class="inventory_item_desc"]</msg>
<status status="PASS" starttime="20231204 10:51:46.006" endtime="20231204 10:51:46.007"/>
</kw>
<kw name="Set Test Variable" library="BuiltIn">
<arg>${cart_item_price}</arg>
<doc>Makes a variable available everywhere within the scope of the current test.</doc>
<msg timestamp="20231204 10:51:46.008" level="INFO">${cart_item_price} = xpath=//div[@class='cart_item'][1]//div[@class="inventory_item_price"]</msg>
<status status="PASS" starttime="20231204 10:51:46.008" endtime="20231204 10:51:46.008"/>
</kw>
<kw name="Set Test Variable" library="BuiltIn">
<arg>${cart_item_remove_button}</arg>
<doc>Makes a variable available everywhere within the scope of the current test.</doc>
<msg timestamp="20231204 10:51:46.009" level="INFO">${cart_item_remove_button} = xpath=//div[@class='cart_item'][1]//button[@class="btn btn_secondary btn_small cart_button"]</msg>
<status status="PASS" starttime="20231204 10:51:46.009" endtime="20231204 10:51:46.009"/>
</kw>
<status status="PASS" starttime="20231204 10:51:45.998" endtime="20231204 10:51:46.009"/>
</kw>
<kw name="Get Text" library="Browser">
<var>${cart_name}</var>
<arg>${cart_item_name}</arg>
<tag>Assertion</tag>
<tag>Getter</tag>
<tag>PageContent</tag>
<doc>Returns text attribute of the element found by ``selector``.</doc>
<msg timestamp="20231204 10:51:46.055" level="INFO">Text: 'Sauce Labs Fleece Jacket'</msg>
<msg timestamp="20231204 10:51:46.056" level="INFO">${cart_name} = Sauce Labs Fleece Jacket</msg>
<status status="PASS" starttime="20231204 10:51:46.010" endtime="20231204 10:51:46.056"/>
</kw>
<kw name="Get Text" library="Browser">
<var>${cart_description}</var>
<arg>${cart_item_description}</arg>
<tag>Assertion</tag>
<tag>Getter</tag>
<tag>PageContent</tag>
<doc>Returns text attribute of the element found by ``selector``.</doc>
<msg timestamp="20231204 10:51:46.144" level="INFO">Text: "It's not every day that you come across a midweight quarter-zip fleece jacket capable of handling everything from a relaxing day outdoors to a busy day at the office."</msg>
<msg timestamp="20231204 10:51:46.144" level="INFO">${cart_description} = It's not every day that you come across a midweight quarter-zip fleece jacket capable of handling everything from a relaxing day outdoors to a busy day at the office.</msg>
<status status="PASS" starttime="20231204 10:51:46.062" endtime="20231204 10:51:46.144"/>
</kw>
<kw name="Get Text" library="Browser">
<var>${cart_price}</var>
<arg>${cart_item_price}</arg>
<tag>Assertion</tag>
<tag>Getter</tag>
<tag>PageContent</tag>
<doc>Returns text attribute of the element found by ``selector``.</doc>
<msg timestamp="20231204 10:51:46.185" level="INFO">Text: '$49.99'</msg>
<msg timestamp="20231204 10:51:46.185" level="INFO">${cart_price} = $49.99</msg>
<status status="PASS" starttime="20231204 10:51:46.146" endtime="20231204 10:51:46.186"/>
</kw>
<kw name="Should Be Equal" library="BuiltIn">
<arg>${inventory_name}</arg>
<arg>${cart_name}</arg>
<doc>Fails if the given objects are unequal.</doc>
<status status="PASS" starttime="20231204 10:51:46.189" endtime="20231204 10:51:46.191"/>
</kw>
<kw name="Should Be Equal" library="BuiltIn">
<arg>${inventory_description}</arg>
<arg>${cart_description}</arg>
<doc>Fails if the given objects are unequal.</doc>
<status status="PASS" starttime="20231204 10:51:46.193" endtime="20231204 10:51:46.195"/>
</kw>
<kw name="Should Be Equal" library="BuiltIn">
<arg>${inventory_price}</arg>
<arg>${cart_price}</arg>
<doc>Fails if the given objects are unequal.</doc>
<status status="PASS" starttime="20231204 10:51:46.196" endtime="20231204 10:51:46.197"/>
</kw>
<kw name="Teardown for Logout" library="InventoryPageKeywords" type="TEARDOWN">
<kw name="Logout from application" library="InventoryPageKeywords">
<kw name="Click" library="Browser">
<arg>${sidebar_menu_button}</arg>
<tag>PageContent</tag>
<tag>Setter</tag>
<doc>Simulates mouse click on the element found by ``selector``.</doc>
<status status="PASS" starttime="20231204 10:51:46.200" endtime="20231204 10:51:46.279"/>
</kw>
<kw name="Click" library="Browser">
<arg>${logout}</arg>
<tag>PageContent</tag>
<tag>Setter</tag>
<doc>Simulates mouse click on the element found by ``selector``.</doc>
<status status="PASS" starttime="20231204 10:51:46.279" endtime="20231204 10:51:46.871"/>
</kw>
<status status="PASS" starttime="20231204 10:51:46.199" endtime="20231204 10:51:46.872"/>
</kw>
<kw name="Close Browser" library="Browser">
<tag>BrowserControl</tag>
<tag>Setter</tag>
<doc>Closes the current browser.</doc>
<msg timestamp="20231204 10:51:48.746" level="INFO">Closed browser</msg>
<status status="PASS" starttime="20231204 10:51:46.872" endtime="20231204 10:51:48.746"/>
</kw>
<status status="PASS" starttime="20231204 10:51:46.198" endtime="20231204 10:51:48.747"/>
</kw>
<status status="PASS" starttime="20231204 10:51:35.751" endtime="20231204 10:51:48.747"/>
</test>
<test id="s1-s1-t2" name="TC#2_Should be able to remove items from cart" line="41">
<kw name="Setup for Login" library="InventoryPageKeywords" type="SETUP">
<kw name="Setup the Browser and Open SwagLabs Login Page" library="LoginPageKeywords">
<kw name="New Browser" library="Browser">
<arg>chromium</arg>
<arg>args=["--start-maximized"]</arg>
<arg>headless=true</arg>
<tag>BrowserControl</tag>
<tag>Setter</tag>
<doc>Create a new playwright Browser with specified options.</doc>
<msg timestamp="20231204 10:51:48.855" level="INFO">{"browser": "chromium", "headless": true, "args": ["--start-maximized"], "chromiumSandbox": false, "devtools": false, "handleSIGHUP": true, "handleSIGINT": true, "handleSIGTERM": true, "slowMo": 0.0, "timeout": 30000.0, "tracesDir": "C:\\Users\\rahraw\\SauceLabs\\Outputs\\browser\\traces\\9fc21386-230c-48e6-a49a-ce1eeb0a10bb"}</msg>
<msg timestamp="20231204 10:51:53.456" level="INFO">Successfully created browser with options: {"browser":"chromium","headless":true,"args":["--start-maximized"],"chromiumSandbox":false,"devtools":false,"handleSIGHUP":true,"handleSIGINT":true,"handleSIGTERM":true,"slowMo":0,"timeout":30000,"tracesDir":"C:\\Users\\rahraw\\SauceLabs\\Outputs\\browser\\traces\\9fc21386-230c-48e6-a49a-ce1eeb0a10bb"}</msg>
<status status="PASS" starttime="20231204 10:51:48.854" endtime="20231204 10:51:53.457"/>
</kw>
<kw name="New Context" library="Browser">
<arg>viewport=${None}</arg>
<tag>BrowserControl</tag>
<tag>Setter</tag>
<doc>Create a new BrowserContext with specified options.</doc>
<msg timestamp="20231204 10:51:53.469" level="INFO">{
  "acceptDownloads": true,
  "bypassCSP": false,
  "forcedColors": "none",
  "ignoreHTTPSErrors": false,
  "javaScriptEnabled": true,
  "offline": false,
  "reducedMotion": "no-preference",
  "serviceWorkers": "allow",
  "viewport": null
}</msg>
<msg timestamp="20231204 10:51:53.523" level="INFO">Successfully created context. </msg>
<msg timestamp="20231204 10:51:53.523" level="INFO">{'acceptDownloads': True, 'bypassCSP': False, 'forcedColors': 'none', 'ignoreHTTPSErrors': False, 'javaScriptEnabled': True, 'offline': False, 'reducedMotion': 'no-preference', 'serviceWorkers': 'allow', 'viewport': None}</msg>
<status status="PASS" starttime="20231204 10:51:53.460" endtime="20231204 10:51:53.524"/>
</kw>
<kw name="Go to Site" library="LoginPageKeywords">
<arg>${URL}</arg>
<kw name="New Page" library="Browser">
<arg>${url}</arg>
<tag>BrowserControl</tag>
<tag>Setter</tag>
<doc>Open a new Page.</doc>
<msg timestamp="20231204 10:52:16.162" level="INFO">Successfully initialized new page object and opened url: https://www.saucedemo.com/</msg>
<status status="PASS" starttime="20231204 10:51:53.526" endtime="20231204 10:52:16.162"/>
</kw>
<status status="PASS" starttime="20231204 10:51:53.524" endtime="20231204 10:52:16.163"/>
</kw>
<status status="PASS" starttime="20231204 10:51:48.853" endtime="20231204 10:52:16.163"/>
</kw>
<kw name="Login SwagLabs" library="LoginPageKeywords">
<arg>${username}</arg>
<arg>${password}</arg>
<kw name="Enter Credentials" library="LoginPageKeywords">
<arg>${username}</arg>
<arg>${password}</arg>
<doc>keyword to enter credentials on login screen</doc>
<kw name="Type Text" library="Browser">
<arg>${username_field}</arg>
<arg>${username}</arg>
<tag>PageContent</tag>
<tag>Setter</tag>
<doc>Types the given ``txt`` into the text field found by ``selector``.</doc>
<msg timestamp="20231204 10:52:16.167" level="INFO">Types the text 'standard_user' in the given field.</msg>
<status status="PASS" starttime="20231204 10:52:16.166" endtime="20231204 10:52:16.367"/>
</kw>
<kw name="Type Secret" library="Browser">
<arg>${password_field}</arg>
<arg>$password</arg>
<tag>PageContent</tag>
<tag>Setter</tag>
<doc>Types the given secret from ``variable_name`` into the text field
found by ``selector``.</doc>
<status status="PASS" starttime="20231204 10:52:16.367" endtime="20231204 10:52:16.491"/>
</kw>
<status status="PASS" starttime="20231204 10:52:16.165" endtime="20231204 10:52:16.491"/>
</kw>
<kw name="Click" library="Browser">
<arg>${login_button}</arg>
<tag>PageContent</tag>
<tag>Setter</tag>
<doc>Simulates mouse click on the element found by ``selector``.</doc>
<status status="PASS" starttime="20231204 10:52:16.492" endtime="20231204 10:52:16.672"/>
</kw>
<status status="PASS" starttime="20231204 10:52:16.164" endtime="20231204 10:52:16.672"/>
</kw>
<status status="PASS" starttime="20231204 10:51:48.851" endtime="20231204 10:52:16.672"/>
</kw>
<kw name="Get random item index for inventory" library="InventoryPageKeywords">
<kw name="Generate Random String" library="String">
<var>${index}</var>
<arg>1</arg>
<arg>123456</arg>
<doc>Generates a string with a desired ``length`` from the given ``chars``.</doc>
<msg timestamp="20231204 10:52:16.675" level="INFO">${index} = 4</msg>
<status status="PASS" starttime="20231204 10:52:16.674" endtime="20231204 10:52:16.675"/>
</kw>
<kw name="Convert To Integer" library="BuiltIn">
<var>${index}</var>
<arg>${index}</arg>
<doc>Converts the given item to an integer number.</doc>
<msg timestamp="20231204 10:52:16.676" level="INFO">${index} = 4</msg>
<status status="PASS" starttime="20231204 10:52:16.675" endtime="20231204 10:52:16.676"/>
</kw>
<kw name="Create List" library="BuiltIn">
<var>${index_element}</var>
<arg>${index}</arg>
<doc>Returns a list containing given items.</doc>
<msg timestamp="20231204 10:52:16.677" level="INFO">${index_element} = [4]</msg>
<status status="PASS" starttime="20231204 10:52:16.677" endtime="20231204 10:52:16.677"/>
</kw>
<kw name="Set Test Variable" library="BuiltIn">
<arg>${index}</arg>
<doc>Makes a variable available everywhere within the scope of the current test.</doc>
<msg timestamp="20231204 10:52:16.678" level="INFO">${index} = 4</msg>
<status status="PASS" starttime="20231204 10:52:16.678" endtime="20231204 10:52:16.678"/>
</kw>
<kw name="Set Test Variable" library="BuiltIn">
<arg>${index_element}</arg>
<doc>Makes a variable available everywhere within the scope of the current test.</doc>
<msg timestamp="20231204 10:52:16.679" level="INFO">${index_element} = [4]</msg>
<status status="PASS" starttime="20231204 10:52:16.679" endtime="20231204 10:52:16.679"/>
</kw>
<status status="PASS" starttime="20231204 10:52:16.673" endtime="20231204 10:52:16.680"/>
</kw>
<kw name="Add a random item to cart" library="InventoryPageKeywords">
<arg>${index_element}</arg>
<kw name="Create item property locators" library="InventoryPageKeywords">
<arg>${index_element}</arg>
<kw name="Catenate" library="BuiltIn">
<var>${item_path}</var>
<arg>${items}${index_element}</arg>
<doc>Catenates the given items together and returns the resulted string.</doc>
<msg timestamp="20231204 10:52:16.684" level="INFO">${item_path} = xpath=//*[@class="inventory_item"][4]</msg>
<status status="PASS" starttime="20231204 10:52:16.684" endtime="20231204 10:52:16.684"/>
</kw>
<kw name="Catenate" library="BuiltIn">
<var>${item_image}</var>
<arg>${item_path}${image_path}</arg>
<doc>Catenates the given items together and returns the resulted string.</doc>
<msg timestamp="20231204 10:52:16.686" level="INFO">${item_image} = xpath=//*[@class="inventory_item"][4]//a/img</msg>
<status status="PASS" starttime="20231204 10:52:16.685" endtime="20231204 10:52:16.686"/>
</kw>
<kw name="Catenate" library="BuiltIn">
<var>${item_name}</var>
<arg>${item_path}${name_path}</arg>
<doc>Catenates the given items together and returns the resulted string.</doc>
<msg timestamp="20231204 10:52:16.687" level="INFO">${item_name} = xpath=//*[@class="inventory_item"][4]//div[@class='inventory_item_description']//a/div</msg>
<status status="PASS" starttime="20231204 10:52:16.686" endtime="20231204 10:52:16.687"/>
</kw>
<kw name="Catenate" library="BuiltIn">
<var>${item_description}</var>
<arg>${item_path}${description_path}</arg>
<doc>Catenates the given items together and returns the resulted string.</doc>
<msg timestamp="20231204 10:52:16.688" level="INFO">${item_description} = xpath=//*[@class="inventory_item"][4]//div[@class='inventory_item_desc']</msg>
<status status="PASS" starttime="20231204 10:52:16.687" endtime="20231204 10:52:16.688"/>
</kw>
<kw name="Catenate" library="BuiltIn">
<var>${item_price}</var>
<arg>${item_path}${price_path}</arg>
<doc>Catenates the given items together and returns the resulted string.</doc>
<msg timestamp="20231204 10:52:16.688" level="INFO">${item_price} = xpath=//*[@class="inventory_item"][4]//div[@class='pricebar']/div</msg>
<status status="PASS" starttime="20231204 10:52:16.688" endtime="20231204 10:52:16.689"/>
</kw>
<kw name="Catenate" library="BuiltIn">
<var>${add_item_to_cart}</var>
<arg>${item_path}${add_to_cart_button}</arg>
<doc>Catenates the given items together and returns the resulted string.</doc>
<msg timestamp="20231204 10:52:16.689" level="INFO">${add_item_to_cart} = xpath=//*[@class="inventory_item"][4]//button[@class='btn btn_primary btn_small btn_inventory ']</msg>
<status status="PASS" starttime="20231204 10:52:16.689" endtime="20231204 10:52:16.689"/>
</kw>
<kw name="Catenate" library="BuiltIn">
<var>${item_remove_button}</var>
<arg>${item_path}${remove_button}</arg>
<doc>Catenates the given items together and returns the resulted string.</doc>
<msg timestamp="20231204 10:52:16.690" level="INFO">${item_remove_button} = xpath=//*[@class="inventory_item"][4]//button[@class='btn btn_secondary btn_small btn_inventory ']</msg>
<status status="PASS" starttime="20231204 10:52:16.690" endtime="20231204 10:52:16.690"/>
</kw>
<kw name="Set Test Variable" library="BuiltIn">
<arg>${item_path}</arg>
<doc>Makes a variable available everywhere within the scope of the current test.</doc>
<msg timestamp="20231204 10:52:16.691" level="INFO">${item_path} = xpath=//*[@class="inventory_item"][4]</msg>
<status status="PASS" starttime="20231204 10:52:16.690" endtime="20231204 10:52:16.691"/>
</kw>
<kw name="Set Test Variable" library="BuiltIn">
<arg>${item_image}</arg>
<doc>Makes a variable available everywhere within the scope of the current test.</doc>
<msg timestamp="20231204 10:52:16.692" level="INFO">${item_image} = xpath=//*[@class="inventory_item"][4]//a/img</msg>
<status status="PASS" starttime="20231204 10:52:16.692" endtime="20231204 10:52:16.692"/>
</kw>
<kw name="Set Test Variable" library="BuiltIn">
<arg>${item_name}</arg>
<doc>Makes a variable available everywhere within the scope of the current test.</doc>
<msg timestamp="20231204 10:52:16.693" level="INFO">${item_name} = xpath=//*[@class="inventory_item"][4]//div[@class='inventory_item_description']//a/div</msg>
<status status="PASS" starttime="20231204 10:52:16.693" endtime="20231204 10:52:16.693"/>
</kw>
<kw name="Set Test Variable" library="BuiltIn">
<arg>${item_description}</arg>
<doc>Makes a variable available everywhere within the scope of the current test.</doc>
<msg timestamp="20231204 10:52:16.694" level="INFO">${item_description} = xpath=//*[@class="inventory_item"][4]//div[@class='inventory_item_desc']</msg>
<status status="PASS" starttime="20231204 10:52:16.694" endtime="20231204 10:52:16.694"/>
</kw>
<kw name="Set Test Variable" library="BuiltIn">
<arg>${item_price}</arg>
<doc>Makes a variable available everywhere within the scope of the current test.</doc>
<msg timestamp="20231204 10:52:16.695" level="INFO">${item_price} = xpath=//*[@class="inventory_item"][4]//div[@class='pricebar']/div</msg>
<status status="PASS" starttime="20231204 10:52:16.695" endtime="20231204 10:52:16.695"/>
</kw>
<kw name="Set Test Variable" library="BuiltIn">
<arg>${add_item_to_cart}</arg>
<doc>Makes a variable available everywhere within the scope of the current test.</doc>
<msg timestamp="20231204 10:52:16.696" level="INFO">${add_item_to_cart} = xpath=//*[@class="inventory_item"][4]//button[@class='btn btn_primary btn_small btn_inventory ']</msg>
<status status="PASS" starttime="20231204 10:52:16.696" endtime="20231204 10:52:16.696"/>
</kw>
<kw name="Set Test Variable" library="BuiltIn">
<arg>${item_remove_button}</arg>
<doc>Makes a variable available everywhere within the scope of the current test.</doc>
<msg timestamp="20231204 10:52:16.697" level="INFO">${item_remove_button} = xpath=//*[@class="inventory_item"][4]//button[@class='btn btn_secondary btn_small btn_inventory ']</msg>
<status status="PASS" starttime="20231204 10:52:16.696" endtime="20231204 10:52:16.697"/>
</kw>
<status status="PASS" starttime="20231204 10:52:16.682" endtime="20231204 10:52:16.697"/>
</kw>
<kw name="Scroll To Element" library="Browser">
<arg>${add_item_to_cart}</arg>
<tag>PageContent</tag>
<tag>Setter</tag>
<doc>This method waits for actionability checks, then tries to scroll element into view,
unless it is completely visible.</doc>
<status status="PASS" starttime="20231204 10:52:16.697" endtime="20231204 10:52:16.775"/>
</kw>
<kw name="Click" library="Browser">
<arg>${add_item_to_cart}</arg>
<tag>PageContent</tag>
<tag>Setter</tag>
<doc>Simulates mouse click on the element found by ``selector``.</doc>
<status status="PASS" starttime="20231204 10:52:16.776" endtime="20231204 10:52:16.853"/>
</kw>
<kw name="Get Text" library="Browser">
<arg>${item_remove_button}</arg>
<tag>Assertion</tag>
<tag>Getter</tag>
<tag>PageContent</tag>
<doc>Returns text attribute of the element found by ``selector``.</doc>
<msg timestamp="20231204 10:52:16.893" level="INFO">Text: 'Remove'</msg>
<status status="PASS" starttime="20231204 10:52:16.853" endtime="20231204 10:52:16.893"/>
</kw>
<status status="PASS" starttime="20231204 10:52:16.681" endtime="20231204 10:52:16.894"/>
</kw>
<kw name="Validate item is added" library="InventoryPageKeywords">
<arg>1</arg>
<kw name="Validate item is added through shopping_cart_badge" library="InventoryPageKeywords">
<arg>${no_of_items_added}</arg>
<kw name="Convert To String" library="BuiltIn">
<var>${string}</var>
<arg>${no_of_items_added}</arg>
<doc>Converts the given item to a Unicode string.</doc>
<msg timestamp="20231204 10:52:16.898" level="INFO">${string} = 1</msg>
<status status="PASS" starttime="20231204 10:52:16.898" endtime="20231204 10:52:16.898"/>
</kw>
<kw name="Get Text" library="Browser">
<arg>${shopping_cart_badge}</arg>
<arg>==</arg>
<arg>${string}</arg>
<tag>Assertion</tag>
<tag>Getter</tag>
<tag>PageContent</tag>
<doc>Returns text attribute of the element found by ``selector``.</doc>
<msg timestamp="20231204 10:52:16.948" level="INFO">Text: '1'</msg>
<status status="PASS" starttime="20231204 10:52:16.899" endtime="20231204 10:52:16.948"/>
</kw>
<status status="PASS" starttime="20231204 10:52:16.896" endtime="20231204 10:52:16.948"/>
</kw>
<kw name="Validate item is added through cart" library="InventoryPageKeywords">
<arg>${no_of_items_added}</arg>
<kw name="Click" library="Browser">
<arg>${cart_link}</arg>
<tag>PageContent</tag>
<tag>Setter</tag>
<doc>Simulates mouse click on the element found by ``selector``.</doc>
<status status="PASS" starttime="20231204 10:52:16.950" endtime="20231204 10:52:17.169"/>
</kw>
<kw name="Get Text" library="Browser">
<arg>${page_title}</arg>
<arg>==</arg>
<arg>Your Cart</arg>
<tag>Assertion</tag>
<tag>Getter</tag>
<tag>PageContent</tag>
<doc>Returns text attribute of the element found by ``selector``.</doc>
<msg timestamp="20231204 10:52:17.217" level="INFO">Text: 'Your Cart'</msg>
<status status="PASS" starttime="20231204 10:52:17.169" endtime="20231204 10:52:17.218"/>
</kw>
<kw name="Get Element Count" library="Browser">
<arg>${cart_items}</arg>
<arg>==</arg>
<arg>${no_of_items_added}</arg>
<tag>Assertion</tag>
<tag>Getter</tag>
<tag>PageContent</tag>
<doc>Returns the count of elements found with ``selector``.</doc>
<status status="PASS" starttime="20231204 10:52:17.218" endtime="20231204 10:52:17.231"/>
</kw>
<status status="PASS" starttime="20231204 10:52:16.949" endtime="20231204 10:52:17.232"/>
</kw>
<status status="PASS" starttime="20231204 10:52:16.895" endtime="20231204 10:52:17.232"/>
</kw>
<kw name="Create cart item property locators" library="CartPageKeywords">
<arg>[1]</arg>
<kw name="Catenate" library="BuiltIn">
<var>${cart_item_path}</var>
<arg>${cart_items}${index_element}</arg>
<doc>Catenates the given items together and returns the resulted string.</doc>
<msg timestamp="20231204 10:52:17.236" level="INFO">${cart_item_path} = xpath=//div[@class='cart_item'][1]</msg>
<status status="PASS" starttime="20231204 10:52:17.235" endtime="20231204 10:52:17.236"/>
</kw>
<kw name="Catenate" library="BuiltIn">
<var>${cart_item_name}</var>
<arg>${cart_item_path}${cart_item_name}</arg>
<doc>Catenates the given items together and returns the resulted string.</doc>
<msg timestamp="20231204 10:52:17.237" level="INFO">${cart_item_name} = xpath=//div[@class='cart_item'][1]//div[@class="inventory_item_name"]</msg>
<status status="PASS" starttime="20231204 10:52:17.236" endtime="20231204 10:52:17.237"/>
</kw>
<kw name="Catenate" library="BuiltIn">
<var>${cart_item_description}</var>
<arg>${cart_item_path}${cart_item_description}</arg>
<doc>Catenates the given items together and returns the resulted string.</doc>
<msg timestamp="20231204 10:52:17.238" level="INFO">${cart_item_description} = xpath=//div[@class='cart_item'][1]//div[@class="inventory_item_desc"]</msg>
<status status="PASS" starttime="20231204 10:52:17.237" endtime="20231204 10:52:17.238"/>
</kw>
<kw name="Catenate" library="BuiltIn">
<var>${cart_item_price}</var>
<arg>${cart_item_path}${cart_item_price}</arg>
<doc>Catenates the given items together and returns the resulted string.</doc>
<msg timestamp="20231204 10:52:17.238" level="INFO">${cart_item_price} = xpath=//div[@class='cart_item'][1]//div[@class="inventory_item_price"]</msg>
<status status="PASS" starttime="20231204 10:52:17.238" endtime="20231204 10:52:17.238"/>
</kw>
<kw name="Catenate" library="BuiltIn">
<var>${cart_item_remove_button}</var>
<arg>${cart_item_path}${cart_item_remove_buttton}</arg>
<doc>Catenates the given items together and returns the resulted string.</doc>
<msg timestamp="20231204 10:52:17.239" level="INFO">${cart_item_remove_button} = xpath=//div[@class='cart_item'][1]//button[@class="btn btn_secondary btn_small cart_button"]</msg>
<status status="PASS" starttime="20231204 10:52:17.239" endtime="20231204 10:52:17.239"/>
</kw>
<kw name="Set Test Variable" library="BuiltIn">
<arg>${cart_item_path}</arg>
<doc>Makes a variable available everywhere within the scope of the current test.</doc>
<msg timestamp="20231204 10:52:17.240" level="INFO">${cart_item_path} = xpath=//div[@class='cart_item'][1]</msg>
<status status="PASS" starttime="20231204 10:52:17.240" endtime="20231204 10:52:17.240"/>
</kw>
<kw name="Set Test Variable" library="BuiltIn">
<arg>${cart_item_name}</arg>
<doc>Makes a variable available everywhere within the scope of the current test.</doc>
<msg timestamp="20231204 10:52:17.241" level="INFO">${cart_item_name} = xpath=//div[@class='cart_item'][1]//div[@class="inventory_item_name"]</msg>
<status status="PASS" starttime="20231204 10:52:17.241" endtime="20231204 10:52:17.241"/>
</kw>
<kw name="Set Test Variable" library="BuiltIn">
<arg>${cart_item_description}</arg>
<doc>Makes a variable available everywhere within the scope of the current test.</doc>
<msg timestamp="20231204 10:52:17.242" level="INFO">${cart_item_description} = xpath=//div[@class='cart_item'][1]//div[@class="inventory_item_desc"]</msg>
<status status="PASS" starttime="20231204 10:52:17.241" endtime="20231204 10:52:17.242"/>
</kw>
<kw name="Set Test Variable" library="BuiltIn">
<arg>${cart_item_price}</arg>
<doc>Makes a variable available everywhere within the scope of the current test.</doc>
<msg timestamp="20231204 10:52:17.243" level="INFO">${cart_item_price} = xpath=//div[@class='cart_item'][1]//div[@class="inventory_item_price"]</msg>
<status status="PASS" starttime="20231204 10:52:17.242" endtime="20231204 10:52:17.243"/>
</kw>
<kw name="Set Test Variable" library="BuiltIn">
<arg>${cart_item_remove_button}</arg>
<doc>Makes a variable available everywhere within the scope of the current test.</doc>
<msg timestamp="20231204 10:52:17.244" level="INFO">${cart_item_remove_button} = xpath=//div[@class='cart_item'][1]//button[@class="btn btn_secondary btn_small cart_button"]</msg>
<status status="PASS" starttime="20231204 10:52:17.243" endtime="20231204 10:52:17.244"/>
</kw>
<status status="PASS" starttime="20231204 10:52:17.234" endtime="20231204 10:52:17.244"/>
</kw>
<kw name="Click" library="Browser">
<arg>${cart_item_remove_button}</arg>
<tag>PageContent</tag>
<tag>Setter</tag>
<doc>Simulates mouse click on the element found by ``selector``.</doc>
<status status="PASS" starttime="20231204 10:52:17.245" endtime="20231204 10:52:17.313"/>
</kw>
<kw name="Get Element Count" library="Browser">
<arg>${cart_items}</arg>
<arg>==</arg>
<arg>0</arg>
<tag>Assertion</tag>
<tag>Getter</tag>
<tag>PageContent</tag>
<doc>Returns the count of elements found with ``selector``.</doc>
<status status="PASS" starttime="20231204 10:52:17.315" endtime="20231204 10:52:17.326"/>
</kw>
<kw name="Teardown for Logout" library="InventoryPageKeywords" type="TEARDOWN">
<kw name="Logout from application" library="InventoryPageKeywords">
<kw name="Click" library="Browser">
<arg>${sidebar_menu_button}</arg>
<tag>PageContent</tag>
<tag>Setter</tag>
<doc>Simulates mouse click on the element found by ``selector``.</doc>
<status status="PASS" starttime="20231204 10:52:17.330" endtime="20231204 10:52:17.418"/>
</kw>
<kw name="Click" library="Browser">
<arg>${logout}</arg>
<tag>PageContent</tag>
<tag>Setter</tag>
<doc>Simulates mouse click on the element found by ``selector``.</doc>
<status status="PASS" starttime="20231204 10:52:17.419" endtime="20231204 10:52:17.968"/>
</kw>
<status status="PASS" starttime="20231204 10:52:17.329" endtime="20231204 10:52:17.968"/>
</kw>
<kw name="Close Browser" library="Browser">
<tag>BrowserControl</tag>
<tag>Setter</tag>
<doc>Closes the current browser.</doc>
<msg timestamp="20231204 10:52:18.182" level="INFO">Closed browser</msg>
<status status="PASS" starttime="20231204 10:52:17.969" endtime="20231204 10:52:18.183"/>
</kw>
<status status="PASS" starttime="20231204 10:52:17.328" endtime="20231204 10:52:18.183"/>
</kw>
<status status="PASS" starttime="20231204 10:51:48.846" endtime="20231204 10:52:18.186"/>
</test>
<test id="s1-s1-t3" name="TC#3_Should be able to go back to inventory using &quot;Continue Shopping&quot; button" line="51">
<kw name="Setup for Login" library="InventoryPageKeywords" type="SETUP">
<kw name="Setup the Browser and Open SwagLabs Login Page" library="LoginPageKeywords">
<kw name="New Browser" library="Browser">
<arg>chromium</arg>
<arg>args=["--start-maximized"]</arg>
<arg>headless=true</arg>
<tag>BrowserControl</tag>
<tag>Setter</tag>
<doc>Create a new playwright Browser with specified options.</doc>
<msg timestamp="20231204 10:52:18.314" level="INFO">{"browser": "chromium", "headless": true, "args": ["--start-maximized"], "chromiumSandbox": false, "devtools": false, "handleSIGHUP": true, "handleSIGINT": true, "handleSIGTERM": true, "slowMo": 0.0, "timeout": 30000.0, "tracesDir": "C:\\Users\\rahraw\\SauceLabs\\Outputs\\browser\\traces\\1b7fc926-fcb7-43ef-9934-610fd4f43646"}</msg>
<msg timestamp="20231204 10:52:21.904" level="INFO">Successfully created browser with options: {"browser":"chromium","headless":true,"args":["--start-maximized"],"chromiumSandbox":false,"devtools":false,"handleSIGHUP":true,"handleSIGINT":true,"handleSIGTERM":true,"slowMo":0,"timeout":30000,"tracesDir":"C:\\Users\\rahraw\\SauceLabs\\Outputs\\browser\\traces\\1b7fc926-fcb7-43ef-9934-610fd4f43646"}</msg>
<status status="PASS" starttime="20231204 10:52:18.312" endtime="20231204 10:52:21.904"/>
</kw>
<kw name="New Context" library="Browser">
<arg>viewport=${None}</arg>
<tag>BrowserControl</tag>
<tag>Setter</tag>
<doc>Create a new BrowserContext with specified options.</doc>
<msg timestamp="20231204 10:52:21.908" level="INFO">{
  "acceptDownloads": true,
  "bypassCSP": false,
  "forcedColors": "none",
  "ignoreHTTPSErrors": false,
  "javaScriptEnabled": true,
  "offline": false,
  "reducedMotion": "no-preference",
  "serviceWorkers": "allow",
  "viewport": null
}</msg>
<msg timestamp="20231204 10:52:21.925" level="INFO">Successfully created context. </msg>
<msg timestamp="20231204 10:52:21.925" level="INFO">{'acceptDownloads': True, 'bypassCSP': False, 'forcedColors': 'none', 'ignoreHTTPSErrors': False, 'javaScriptEnabled': True, 'offline': False, 'reducedMotion': 'no-preference', 'serviceWorkers': 'allow', 'viewport': None}</msg>
<status status="PASS" starttime="20231204 10:52:21.906" endtime="20231204 10:52:21.926"/>
</kw>
<kw name="Go to Site" library="LoginPageKeywords">
<arg>${URL}</arg>
<kw name="New Page" library="Browser">
<arg>${url}</arg>
<tag>BrowserControl</tag>
<tag>Setter</tag>
<doc>Open a new Page.</doc>
<msg timestamp="20231204 10:52:44.400" level="INFO">Successfully initialized new page object and opened url: https://www.saucedemo.com/</msg>
<status status="PASS" starttime="20231204 10:52:21.927" endtime="20231204 10:52:44.400"/>
</kw>
<status status="PASS" starttime="20231204 10:52:21.926" endtime="20231204 10:52:44.400"/>
</kw>
<status status="PASS" starttime="20231204 10:52:18.311" endtime="20231204 10:52:44.401"/>
</kw>
<kw name="Login SwagLabs" library="LoginPageKeywords">
<arg>${username}</arg>
<arg>${password}</arg>
<kw name="Enter Credentials" library="LoginPageKeywords">
<arg>${username}</arg>
<arg>${password}</arg>
<doc>keyword to enter credentials on login screen</doc>
<kw name="Type Text" library="Browser">
<arg>${username_field}</arg>
<arg>${username}</arg>
<tag>PageContent</tag>
<tag>Setter</tag>
<doc>Types the given ``txt`` into the text field found by ``selector``.</doc>
<msg timestamp="20231204 10:52:44.404" level="INFO">Types the text 'standard_user' in the given field.</msg>
<status status="PASS" starttime="20231204 10:52:44.404" endtime="20231204 10:52:44.565"/>
</kw>
<kw name="Type Secret" library="Browser">
<arg>${password_field}</arg>
<arg>$password</arg>
<tag>PageContent</tag>
<tag>Setter</tag>
<doc>Types the given secret from ``variable_name`` into the text field
found by ``selector``.</doc>
<status status="PASS" starttime="20231204 10:52:44.566" endtime="20231204 10:52:44.690"/>
</kw>
<status status="PASS" starttime="20231204 10:52:44.402" endtime="20231204 10:52:44.690"/>
</kw>
<kw name="Click" library="Browser">
<arg>${login_button}</arg>
<tag>PageContent</tag>
<tag>Setter</tag>
<doc>Simulates mouse click on the element found by ``selector``.</doc>
<status status="PASS" starttime="20231204 10:52:44.691" endtime="20231204 10:52:44.879"/>
</kw>
<status status="PASS" starttime="20231204 10:52:44.401" endtime="20231204 10:52:44.880"/>
</kw>
<status status="PASS" starttime="20231204 10:52:18.310" endtime="20231204 10:52:44.880"/>
</kw>
<kw name="Get random item index for inventory" library="InventoryPageKeywords">
<kw name="Generate Random String" library="String">
<var>${index}</var>
<arg>1</arg>
<arg>123456</arg>
<doc>Generates a string with a desired ``length`` from the given ``chars``.</doc>
<msg timestamp="20231204 10:52:44.882" level="INFO">${index} = 5</msg>
<status status="PASS" starttime="20231204 10:52:44.881" endtime="20231204 10:52:44.882"/>
</kw>
<kw name="Convert To Integer" library="BuiltIn">
<var>${index}</var>
<arg>${index}</arg>
<doc>Converts the given item to an integer number.</doc>
<msg timestamp="20231204 10:52:44.883" level="INFO">${index} = 5</msg>
<status status="PASS" starttime="20231204 10:52:44.883" endtime="20231204 10:52:44.884"/>
</kw>
<kw name="Create List" library="BuiltIn">
<var>${index_element}</var>
<arg>${index}</arg>
<doc>Returns a list containing given items.</doc>
<msg timestamp="20231204 10:52:44.885" level="INFO">${index_element} = [5]</msg>
<status status="PASS" starttime="20231204 10:52:44.884" endtime="20231204 10:52:44.885"/>
</kw>
<kw name="Set Test Variable" library="BuiltIn">
<arg>${index}</arg>
<doc>Makes a variable available everywhere within the scope of the current test.</doc>
<msg timestamp="20231204 10:52:44.886" level="INFO">${index} = 5</msg>
<status status="PASS" starttime="20231204 10:52:44.885" endtime="20231204 10:52:44.886"/>
</kw>
<kw name="Set Test Variable" library="BuiltIn">
<arg>${index_element}</arg>
<doc>Makes a variable available everywhere within the scope of the current test.</doc>
<msg timestamp="20231204 10:52:44.887" level="INFO">${index_element} = [5]</msg>
<status status="PASS" starttime="20231204 10:52:44.887" endtime="20231204 10:52:44.887"/>
</kw>
<status status="PASS" starttime="20231204 10:52:44.880" endtime="20231204 10:52:44.888"/>
</kw>
<kw name="Add a random item to cart" library="InventoryPageKeywords">
<arg>${index_element}</arg>
<kw name="Create item property locators" library="InventoryPageKeywords">
<arg>${index_element}</arg>
<kw name="Catenate" library="BuiltIn">
<var>${item_path}</var>
<arg>${items}${index_element}</arg>
<doc>Catenates the given items together and returns the resulted string.</doc>
<msg timestamp="20231204 10:52:44.891" level="INFO">${item_path} = xpath=//*[@class="inventory_item"][5]</msg>
<status status="PASS" starttime="20231204 10:52:44.890" endtime="20231204 10:52:44.891"/>
</kw>
<kw name="Catenate" library="BuiltIn">
<var>${item_image}</var>
<arg>${item_path}${image_path}</arg>
<doc>Catenates the given items together and returns the resulted string.</doc>
<msg timestamp="20231204 10:52:44.892" level="INFO">${item_image} = xpath=//*[@class="inventory_item"][5]//a/img</msg>
<status status="PASS" starttime="20231204 10:52:44.891" endtime="20231204 10:52:44.892"/>
</kw>
<kw name="Catenate" library="BuiltIn">
<var>${item_name}</var>
<arg>${item_path}${name_path}</arg>
<doc>Catenates the given items together and returns the resulted string.</doc>
<msg timestamp="20231204 10:52:44.893" level="INFO">${item_name} = xpath=//*[@class="inventory_item"][5]//div[@class='inventory_item_description']//a/div</msg>
<status status="PASS" starttime="20231204 10:52:44.892" endtime="20231204 10:52:44.893"/>
</kw>
<kw name="Catenate" library="BuiltIn">
<var>${item_description}</var>
<arg>${item_path}${description_path}</arg>
<doc>Catenates the given items together and returns the resulted string.</doc>
<msg timestamp="20231204 10:52:44.894" level="INFO">${item_description} = xpath=//*[@class="inventory_item"][5]//div[@class='inventory_item_desc']</msg>
<status status="PASS" starttime="20231204 10:52:44.894" endtime="20231204 10:52:44.894"/>
</kw>
<kw name="Catenate" library="BuiltIn">
<var>${item_price}</var>
<arg>${item_path}${price_path}</arg>
<doc>Catenates the given items together and returns the resulted string.</doc>
<msg timestamp="20231204 10:52:44.896" level="INFO">${item_price} = xpath=//*[@class="inventory_item"][5]//div[@class='pricebar']/div</msg>
<status status="PASS" starttime="20231204 10:52:44.894" endtime="20231204 10:52:44.896"/>
</kw>
<kw name="Catenate" library="BuiltIn">
<var>${add_item_to_cart}</var>
<arg>${item_path}${add_to_cart_button}</arg>
<doc>Catenates the given items together and returns the resulted string.</doc>
<msg timestamp="20231204 10:52:44.896" level="INFO">${add_item_to_cart} = xpath=//*[@class="inventory_item"][5]//button[@class='btn btn_primary btn_small btn_inventory ']</msg>
<status status="PASS" starttime="20231204 10:52:44.896" endtime="20231204 10:52:44.896"/>
</kw>
<kw name="Catenate" library="BuiltIn">
<var>${item_remove_button}</var>
<arg>${item_path}${remove_button}</arg>
<doc>Catenates the given items together and returns the resulted string.</doc>
<msg timestamp="20231204 10:52:44.898" level="INFO">${item_remove_button} = xpath=//*[@class="inventory_item"][5]//button[@class='btn btn_secondary btn_small btn_inventory ']</msg>
<status status="PASS" starttime="20231204 10:52:44.897" endtime="20231204 10:52:44.898"/>
</kw>
<kw name="Set Test Variable" library="BuiltIn">
<arg>${item_path}</arg>
<doc>Makes a variable available everywhere within the scope of the current test.</doc>
<msg timestamp="20231204 10:52:44.899" level="INFO">${item_path} = xpath=//*[@class="inventory_item"][5]</msg>
<status status="PASS" starttime="20231204 10:52:44.898" endtime="20231204 10:52:44.899"/>
</kw>
<kw name="Set Test Variable" library="BuiltIn">
<arg>${item_image}</arg>
<doc>Makes a variable available everywhere within the scope of the current test.</doc>
<msg timestamp="20231204 10:52:44.900" level="INFO">${item_image} = xpath=//*[@class="inventory_item"][5]//a/img</msg>
<status status="PASS" starttime="20231204 10:52:44.899" endtime="20231204 10:52:44.900"/>
</kw>
<kw name="Set Test Variable" library="BuiltIn">
<arg>${item_name}</arg>
<doc>Makes a variable available everywhere within the scope of the current test.</doc>
<msg timestamp="20231204 10:52:44.900" level="INFO">${item_name} = xpath=//*[@class="inventory_item"][5]//div[@class='inventory_item_description']//a/div</msg>
<status status="PASS" starttime="20231204 10:52:44.900" endtime="20231204 10:52:44.900"/>
</kw>
<kw name="Set Test Variable" library="BuiltIn">
<arg>${item_description}</arg>
<doc>Makes a variable available everywhere within the scope of the current test.</doc>
<msg timestamp="20231204 10:52:44.901" level="INFO">${item_description} = xpath=//*[@class="inventory_item"][5]//div[@class='inventory_item_desc']</msg>
<status status="PASS" starttime="20231204 10:52:44.901" endtime="20231204 10:52:44.901"/>
</kw>
<kw name="Set Test Variable" library="BuiltIn">
<arg>${item_price}</arg>
<doc>Makes a variable available everywhere within the scope of the current test.</doc>
<msg timestamp="20231204 10:52:44.902" level="INFO">${item_price} = xpath=//*[@class="inventory_item"][5]//div[@class='pricebar']/div</msg>
<status status="PASS" starttime="20231204 10:52:44.902" endtime="20231204 10:52:44.902"/>
</kw>
<kw name="Set Test Variable" library="BuiltIn">
<arg>${add_item_to_cart}</arg>
<doc>Makes a variable available everywhere within the scope of the current test.</doc>
<msg timestamp="20231204 10:52:44.903" level="INFO">${add_item_to_cart} = xpath=//*[@class="inventory_item"][5]//button[@class='btn btn_primary btn_small btn_inventory ']</msg>
<status status="PASS" starttime="20231204 10:52:44.903" endtime="20231204 10:52:44.903"/>
</kw>
<kw name="Set Test Variable" library="BuiltIn">
<arg>${item_remove_button}</arg>
<doc>Makes a variable available everywhere within the scope of the current test.</doc>
<msg timestamp="20231204 10:52:44.904" level="INFO">${item_remove_button} = xpath=//*[@class="inventory_item"][5]//button[@class='btn btn_secondary btn_small btn_inventory ']</msg>
<status status="PASS" starttime="20231204 10:52:44.903" endtime="20231204 10:52:44.904"/>
</kw>
<status status="PASS" starttime="20231204 10:52:44.889" endtime="20231204 10:52:44.904"/>
</kw>
<kw name="Scroll To Element" library="Browser">
<arg>${add_item_to_cart}</arg>
<tag>PageContent</tag>
<tag>Setter</tag>
<doc>This method waits for actionability checks, then tries to scroll element into view,
unless it is completely visible.</doc>
<status status="PASS" starttime="20231204 10:52:44.904" endtime="20231204 10:52:44.991"/>
</kw>
<kw name="Click" library="Browser">
<arg>${add_item_to_cart}</arg>
<tag>PageContent</tag>
<tag>Setter</tag>
<doc>Simulates mouse click on the element found by ``selector``.</doc>
<status status="PASS" starttime="20231204 10:52:44.991" endtime="20231204 10:52:45.062"/>
</kw>
<kw name="Get Text" library="Browser">
<arg>${item_remove_button}</arg>
<tag>Assertion</tag>
<tag>Getter</tag>
<tag>PageContent</tag>
<doc>Returns text attribute of the element found by ``selector``.</doc>
<msg timestamp="20231204 10:52:45.095" level="INFO">Text: 'Remove'</msg>
<status status="PASS" starttime="20231204 10:52:45.062" endtime="20231204 10:52:45.095"/>
</kw>
<status status="PASS" starttime="20231204 10:52:44.888" endtime="20231204 10:52:45.095"/>
</kw>
<kw name="Validate item is added" library="InventoryPageKeywords">
<arg>1</arg>
<kw name="Validate item is added through shopping_cart_badge" library="InventoryPageKeywords">
<arg>${no_of_items_added}</arg>
<kw name="Convert To String" library="BuiltIn">
<var>${string}</var>
<arg>${no_of_items_added}</arg>
<doc>Converts the given item to a Unicode string.</doc>
<msg timestamp="20231204 10:52:45.100" level="INFO">${string} = 1</msg>
<status status="PASS" starttime="20231204 10:52:45.099" endtime="20231204 10:52:45.100"/>
</kw>
<kw name="Get Text" library="Browser">
<arg>${shopping_cart_badge}</arg>
<arg>==</arg>
<arg>${string}</arg>
<tag>Assertion</tag>
<tag>Getter</tag>
<tag>PageContent</tag>
<doc>Returns text attribute of the element found by ``selector``.</doc>
<msg timestamp="20231204 10:52:45.134" level="INFO">Text: '1'</msg>
<status status="PASS" starttime="20231204 10:52:45.101" endtime="20231204 10:52:45.134"/>
</kw>
<status status="PASS" starttime="20231204 10:52:45.098" endtime="20231204 10:52:45.135"/>
</kw>
<kw name="Validate item is added through cart" library="InventoryPageKeywords">
<arg>${no_of_items_added}</arg>
<kw name="Click" library="Browser">
<arg>${cart_link}</arg>
<tag>PageContent</tag>
<tag>Setter</tag>
<doc>Simulates mouse click on the element found by ``selector``.</doc>
<status status="PASS" starttime="20231204 10:52:45.137" endtime="20231204 10:52:45.230"/>
</kw>
<kw name="Get Text" library="Browser">
<arg>${page_title}</arg>
<arg>==</arg>
<arg>Your Cart</arg>
<tag>Assertion</tag>
<tag>Getter</tag>
<tag>PageContent</tag>
<doc>Returns text attribute of the element found by ``selector``.</doc>
<msg timestamp="20231204 10:52:45.263" level="INFO">Text: 'Your Cart'</msg>
<status status="PASS" starttime="20231204 10:52:45.231" endtime="20231204 10:52:45.263"/>
</kw>
<kw name="Get Element Count" library="Browser">
<arg>${cart_items}</arg>
<arg>==</arg>
<arg>${no_of_items_added}</arg>
<tag>Assertion</tag>
<tag>Getter</tag>
<tag>PageContent</tag>
<doc>Returns the count of elements found with ``selector``.</doc>
<status status="PASS" starttime="20231204 10:52:45.264" endtime="20231204 10:52:45.274"/>
</kw>
<status status="PASS" starttime="20231204 10:52:45.135" endtime="20231204 10:52:45.274"/>
</kw>
<status status="PASS" starttime="20231204 10:52:45.098" endtime="20231204 10:52:45.275"/>
</kw>
<kw name="Click" library="Browser">
<arg>${continue_shopping_button}</arg>
<tag>PageContent</tag>
<tag>Setter</tag>
<doc>Simulates mouse click on the element found by ``selector``.</doc>
<status status="PASS" starttime="20231204 10:52:45.276" endtime="20231204 10:52:45.376"/>
</kw>
<kw name="Get Text" library="Browser">
<arg>${page_title}</arg>
<arg>==</arg>
<arg>Products</arg>
<tag>Assertion</tag>
<tag>Getter</tag>
<tag>PageContent</tag>
<doc>Returns text attribute of the element found by ``selector``.</doc>
<msg timestamp="20231204 10:52:45.408" level="INFO">Text: 'Products'</msg>
<status status="PASS" starttime="20231204 10:52:45.378" endtime="20231204 10:52:45.408"/>
</kw>
<kw name="Teardown for Logout" library="InventoryPageKeywords" type="TEARDOWN">
<kw name="Logout from application" library="InventoryPageKeywords">
<kw name="Click" library="Browser">
<arg>${sidebar_menu_button}</arg>
<tag>PageContent</tag>
<tag>Setter</tag>
<doc>Simulates mouse click on the element found by ``selector``.</doc>
<status status="PASS" starttime="20231204 10:52:45.412" endtime="20231204 10:52:45.478"/>
</kw>
<kw name="Click" library="Browser">
<arg>${logout}</arg>
<tag>PageContent</tag>
<tag>Setter</tag>
<doc>Simulates mouse click on the element found by ``selector``.</doc>
<status status="PASS" starttime="20231204 10:52:45.478" endtime="20231204 10:52:46.030"/>
</kw>
<status status="PASS" starttime="20231204 10:52:45.411" endtime="20231204 10:52:46.030"/>
</kw>
<kw name="Close Browser" library="Browser">
<tag>BrowserControl</tag>
<tag>Setter</tag>
<doc>Closes the current browser.</doc>
<msg timestamp="20231204 10:52:46.163" level="INFO">Closed browser</msg>
<status status="PASS" starttime="20231204 10:52:46.031" endtime="20231204 10:52:46.163"/>
</kw>
<status status="PASS" starttime="20231204 10:52:45.410" endtime="20231204 10:52:46.163"/>
</kw>
<status status="PASS" starttime="20231204 10:52:18.301" endtime="20231204 10:52:46.164"/>
</test>
<test id="s1-s1-t4" name="TC#4_Should not be able to checkout the items in cart with empty details" line="58">
<kw name="Setup for Login" library="InventoryPageKeywords" type="SETUP">
<kw name="Setup the Browser and Open SwagLabs Login Page" library="LoginPageKeywords">
<kw name="New Browser" library="Browser">
<arg>chromium</arg>
<arg>args=["--start-maximized"]</arg>
<arg>headless=true</arg>
<tag>BrowserControl</tag>
<tag>Setter</tag>
<doc>Create a new playwright Browser with specified options.</doc>
<msg timestamp="20231204 10:52:46.265" level="INFO">{"browser": "chromium", "headless": true, "args": ["--start-maximized"], "chromiumSandbox": false, "devtools": false, "handleSIGHUP": true, "handleSIGINT": true, "handleSIGTERM": true, "slowMo": 0.0, "timeout": 30000.0, "tracesDir": "C:\\Users\\rahraw\\SauceLabs\\Outputs\\browser\\traces\\8935cf1b-ab98-4c7d-a6cf-71b09a08d46c"}</msg>
<msg timestamp="20231204 10:52:50.726" level="INFO">Successfully created browser with options: {"browser":"chromium","headless":true,"args":["--start-maximized"],"chromiumSandbox":false,"devtools":false,"handleSIGHUP":true,"handleSIGINT":true,"handleSIGTERM":true,"slowMo":0,"timeout":30000,"tracesDir":"C:\\Users\\rahraw\\SauceLabs\\Outputs\\browser\\traces\\8935cf1b-ab98-4c7d-a6cf-71b09a08d46c"}</msg>
<status status="PASS" starttime="20231204 10:52:46.262" endtime="20231204 10:52:50.726"/>
</kw>
<kw name="New Context" library="Browser">
<arg>viewport=${None}</arg>
<tag>BrowserControl</tag>
<tag>Setter</tag>
<doc>Create a new BrowserContext with specified options.</doc>
<msg timestamp="20231204 10:52:50.729" level="INFO">{
  "acceptDownloads": true,
  "bypassCSP": false,
  "forcedColors": "none",
  "ignoreHTTPSErrors": false,
  "javaScriptEnabled": true,
  "offline": false,
  "reducedMotion": "no-preference",
  "serviceWorkers": "allow",
  "viewport": null
}</msg>
<msg timestamp="20231204 10:52:50.744" level="INFO">Successfully created context. </msg>
<msg timestamp="20231204 10:52:50.744" level="INFO">{'acceptDownloads': True, 'bypassCSP': False, 'forcedColors': 'none', 'ignoreHTTPSErrors': False, 'javaScriptEnabled': True, 'offline': False, 'reducedMotion': 'no-preference', 'serviceWorkers': 'allow', 'viewport': None}</msg>
<status status="PASS" starttime="20231204 10:52:50.727" endtime="20231204 10:52:50.744"/>
</kw>
<kw name="Go to Site" library="LoginPageKeywords">
<arg>${URL}</arg>
<kw name="New Page" library="Browser">
<arg>${url}</arg>
<tag>BrowserControl</tag>
<tag>Setter</tag>
<doc>Open a new Page.</doc>
<msg timestamp="20231204 10:53:13.068" level="INFO">Successfully initialized new page object and opened url: https://www.saucedemo.com/</msg>
<status status="PASS" starttime="20231204 10:52:50.747" endtime="20231204 10:53:13.069"/>
</kw>
<status status="PASS" starttime="20231204 10:52:50.746" endtime="20231204 10:53:13.069"/>
</kw>
<status status="PASS" starttime="20231204 10:52:46.261" endtime="20231204 10:53:13.069"/>
</kw>
<kw name="Login SwagLabs" library="LoginPageKeywords">
<arg>${username}</arg>
<arg>${password}</arg>
<kw name="Enter Credentials" library="LoginPageKeywords">
<arg>${username}</arg>
<arg>${password}</arg>
<doc>keyword to enter credentials on login screen</doc>
<kw name="Type Text" library="Browser">
<arg>${username_field}</arg>
<arg>${username}</arg>
<tag>PageContent</tag>
<tag>Setter</tag>
<doc>Types the given ``txt`` into the text field found by ``selector``.</doc>
<msg timestamp="20231204 10:53:13.073" level="INFO">Types the text 'standard_user' in the given field.</msg>
<status status="PASS" starttime="20231204 10:53:13.073" endtime="20231204 10:53:13.245"/>
</kw>
<kw name="Type Secret" library="Browser">
<arg>${password_field}</arg>
<arg>$password</arg>
<tag>PageContent</tag>
<tag>Setter</tag>
<doc>Types the given secret from ``variable_name`` into the text field
found by ``selector``.</doc>
<status status="PASS" starttime="20231204 10:53:13.247" endtime="20231204 10:53:13.348"/>
</kw>
<status status="PASS" starttime="20231204 10:53:13.072" endtime="20231204 10:53:13.349"/>
</kw>
<kw name="Click" library="Browser">
<arg>${login_button}</arg>
<tag>PageContent</tag>
<tag>Setter</tag>
<doc>Simulates mouse click on the element found by ``selector``.</doc>
<status status="PASS" starttime="20231204 10:53:13.349" endtime="20231204 10:53:13.526"/>
</kw>
<status status="PASS" starttime="20231204 10:53:13.070" endtime="20231204 10:53:13.526"/>
</kw>
<status status="PASS" starttime="20231204 10:52:46.260" endtime="20231204 10:53:13.527"/>
</kw>
<kw name="When Get random item index for inventory" library="InventoryPageKeywords">
<kw name="Generate Random String" library="String">
<var>${index}</var>
<arg>1</arg>
<arg>123456</arg>
<doc>Generates a string with a desired ``length`` from the given ``chars``.</doc>
<msg timestamp="20231204 10:53:13.536" level="INFO">${index} = 1</msg>
<status status="PASS" starttime="20231204 10:53:13.536" endtime="20231204 10:53:13.537"/>
</kw>
<kw name="Convert To Integer" library="BuiltIn">
<var>${index}</var>
<arg>${index}</arg>
<doc>Converts the given item to an integer number.</doc>
<msg timestamp="20231204 10:53:13.537" level="INFO">${index} = 1</msg>
<status status="PASS" starttime="20231204 10:53:13.537" endtime="20231204 10:53:13.537"/>
</kw>
<kw name="Create List" library="BuiltIn">
<var>${index_element}</var>
<arg>${index}</arg>
<doc>Returns a list containing given items.</doc>
<msg timestamp="20231204 10:53:13.538" level="INFO">${index_element} = [1]</msg>
<status status="PASS" starttime="20231204 10:53:13.538" endtime="20231204 10:53:13.538"/>
</kw>
<kw name="Set Test Variable" library="BuiltIn">
<arg>${index}</arg>
<doc>Makes a variable available everywhere within the scope of the current test.</doc>
<msg timestamp="20231204 10:53:13.539" level="INFO">${index} = 1</msg>
<status status="PASS" starttime="20231204 10:53:13.539" endtime="20231204 10:53:13.539"/>
</kw>
<kw name="Set Test Variable" library="BuiltIn">
<arg>${index_element}</arg>
<doc>Makes a variable available everywhere within the scope of the current test.</doc>
<msg timestamp="20231204 10:53:13.541" level="INFO">${index_element} = [1]</msg>
<status status="PASS" starttime="20231204 10:53:13.540" endtime="20231204 10:53:13.541"/>
</kw>
<status status="PASS" starttime="20231204 10:53:13.535" endtime="20231204 10:53:13.541"/>
</kw>
<kw name="And Add a random item to cart" library="InventoryPageKeywords">
<arg>${index_element}</arg>
<kw name="Create item property locators" library="InventoryPageKeywords">
<arg>${index_element}</arg>
<kw name="Catenate" library="BuiltIn">
<var>${item_path}</var>
<arg>${items}${index_element}</arg>
<doc>Catenates the given items together and returns the resulted string.</doc>
<msg timestamp="20231204 10:53:13.543" level="INFO">${item_path} = xpath=//*[@class="inventory_item"][1]</msg>
<status status="PASS" starttime="20231204 10:53:13.543" endtime="20231204 10:53:13.543"/>
</kw>
<kw name="Catenate" library="BuiltIn">
<var>${item_image}</var>
<arg>${item_path}${image_path}</arg>
<doc>Catenates the given items together and returns the resulted string.</doc>
<msg timestamp="20231204 10:53:13.545" level="INFO">${item_image} = xpath=//*[@class="inventory_item"][1]//a/img</msg>
<status status="PASS" starttime="20231204 10:53:13.545" endtime="20231204 10:53:13.545"/>
</kw>
<kw name="Catenate" library="BuiltIn">
<var>${item_name}</var>
<arg>${item_path}${name_path}</arg>
<doc>Catenates the given items together and returns the resulted string.</doc>
<msg timestamp="20231204 10:53:13.546" level="INFO">${item_name} = xpath=//*[@class="inventory_item"][1]//div[@class='inventory_item_description']//a/div</msg>
<status status="PASS" starttime="20231204 10:53:13.546" endtime="20231204 10:53:13.546"/>
</kw>
<kw name="Catenate" library="BuiltIn">
<var>${item_description}</var>
<arg>${item_path}${description_path}</arg>
<doc>Catenates the given items together and returns the resulted string.</doc>
<msg timestamp="20231204 10:53:13.547" level="INFO">${item_description} = xpath=//*[@class="inventory_item"][1]//div[@class='inventory_item_desc']</msg>
<status status="PASS" starttime="20231204 10:53:13.547" endtime="20231204 10:53:13.547"/>
</kw>
<kw name="Catenate" library="BuiltIn">
<var>${item_price}</var>
<arg>${item_path}${price_path}</arg>
<doc>Catenates the given items together and returns the resulted string.</doc>
<msg timestamp="20231204 10:53:13.548" level="INFO">${item_price} = xpath=//*[@class="inventory_item"][1]//div[@class='pricebar']/div</msg>
<status status="PASS" starttime="20231204 10:53:13.547" endtime="20231204 10:53:13.548"/>
</kw>
<kw name="Catenate" library="BuiltIn">
<var>${add_item_to_cart}</var>
<arg>${item_path}${add_to_cart_button}</arg>
<doc>Catenates the given items together and returns the resulted string.</doc>
<msg timestamp="20231204 10:53:13.548" level="INFO">${add_item_to_cart} = xpath=//*[@class="inventory_item"][1]//button[@class='btn btn_primary btn_small btn_inventory ']</msg>
<status status="PASS" starttime="20231204 10:53:13.548" endtime="20231204 10:53:13.549"/>
</kw>
<kw name="Catenate" library="BuiltIn">
<var>${item_remove_button}</var>
<arg>${item_path}${remove_button}</arg>
<doc>Catenates the given items together and returns the resulted string.</doc>
<msg timestamp="20231204 10:53:13.549" level="INFO">${item_remove_button} = xpath=//*[@class="inventory_item"][1]//button[@class='btn btn_secondary btn_small btn_inventory ']</msg>
<status status="PASS" starttime="20231204 10:53:13.549" endtime="20231204 10:53:13.549"/>
</kw>
<kw name="Set Test Variable" library="BuiltIn">
<arg>${item_path}</arg>
<doc>Makes a variable available everywhere within the scope of the current test.</doc>
<msg timestamp="20231204 10:53:13.551" level="INFO">${item_path} = xpath=//*[@class="inventory_item"][1]</msg>
<status status="PASS" starttime="20231204 10:53:13.550" endtime="20231204 10:53:13.551"/>
</kw>
<kw name="Set Test Variable" library="BuiltIn">
<arg>${item_image}</arg>
<doc>Makes a variable available everywhere within the scope of the current test.</doc>
<msg timestamp="20231204 10:53:13.552" level="INFO">${item_image} = xpath=//*[@class="inventory_item"][1]//a/img</msg>
<status status="PASS" starttime="20231204 10:53:13.551" endtime="20231204 10:53:13.552"/>
</kw>
<kw name="Set Test Variable" library="BuiltIn">
<arg>${item_name}</arg>
<doc>Makes a variable available everywhere within the scope of the current test.</doc>
<msg timestamp="20231204 10:53:13.553" level="INFO">${item_name} = xpath=//*[@class="inventory_item"][1]//div[@class='inventory_item_description']//a/div</msg>
<status status="PASS" starttime="20231204 10:53:13.552" endtime="20231204 10:53:13.553"/>
</kw>
<kw name="Set Test Variable" library="BuiltIn">
<arg>${item_description}</arg>
<doc>Makes a variable available everywhere within the scope of the current test.</doc>
<msg timestamp="20231204 10:53:13.554" level="INFO">${item_description} = xpath=//*[@class="inventory_item"][1]//div[@class='inventory_item_desc']</msg>
<status status="PASS" starttime="20231204 10:53:13.553" endtime="20231204 10:53:13.554"/>
</kw>
<kw name="Set Test Variable" library="BuiltIn">
<arg>${item_price}</arg>
<doc>Makes a variable available everywhere within the scope of the current test.</doc>
<msg timestamp="20231204 10:53:13.555" level="INFO">${item_price} = xpath=//*[@class="inventory_item"][1]//div[@class='pricebar']/div</msg>
<status status="PASS" starttime="20231204 10:53:13.554" endtime="20231204 10:53:13.555"/>
</kw>
<kw name="Set Test Variable" library="BuiltIn">
<arg>${add_item_to_cart}</arg>
<doc>Makes a variable available everywhere within the scope of the current test.</doc>
<msg timestamp="20231204 10:53:13.555" level="INFO">${add_item_to_cart} = xpath=//*[@class="inventory_item"][1]//button[@class='btn btn_primary btn_small btn_inventory ']</msg>
<status status="PASS" starttime="20231204 10:53:13.555" endtime="20231204 10:53:13.555"/>
</kw>
<kw name="Set Test Variable" library="BuiltIn">
<arg>${item_remove_button}</arg>
<doc>Makes a variable available everywhere within the scope of the current test.</doc>
<msg timestamp="20231204 10:53:13.557" level="INFO">${item_remove_button} = xpath=//*[@class="inventory_item"][1]//button[@class='btn btn_secondary btn_small btn_inventory ']</msg>
<status status="PASS" starttime="20231204 10:53:13.555" endtime="20231204 10:53:13.557"/>
</kw>
<status status="PASS" starttime="20231204 10:53:13.543" endtime="20231204 10:53:13.557"/>
</kw>
<kw name="Scroll To Element" library="Browser">
<arg>${add_item_to_cart}</arg>
<tag>PageContent</tag>
<tag>Setter</tag>
<doc>This method waits for actionability checks, then tries to scroll element into view,
unless it is completely visible.</doc>
<status status="PASS" starttime="20231204 10:53:13.558" endtime="20231204 10:53:13.621"/>
</kw>
<kw name="Click" library="Browser">
<arg>${add_item_to_cart}</arg>
<tag>PageContent</tag>
<tag>Setter</tag>
<doc>Simulates mouse click on the element found by ``selector``.</doc>
<status status="PASS" starttime="20231204 10:53:13.621" endtime="20231204 10:53:13.677"/>
</kw>
<kw name="Get Text" library="Browser">
<arg>${item_remove_button}</arg>
<tag>Assertion</tag>
<tag>Getter</tag>
<tag>PageContent</tag>
<doc>Returns text attribute of the element found by ``selector``.</doc>
[...]
</kw>
<kw name="Catenate" library="BuiltIn">
<var>${item_remove_button}</var>
<arg>${item_path}${remove_button}</arg>
<doc>Catenates the given items together and returns the resulted string.</doc>
<msg timestamp="20231204 11:15:55.436" level="INFO">${item_remove_button} = xpath=//*[@class="inventory_item"][5]//button[@class='btn btn_secondary btn_small btn_inventory ']</msg>
<status status="PASS" starttime="20231204 11:15:55.435" endtime="20231204 11:15:55.436"/>
</kw>
<kw name="Set Test Variable" library="BuiltIn">
<arg>${item_path}</arg>
<doc>Makes a variable available everywhere within the scope of the current test.</doc>
<msg timestamp="20231204 11:15:55.437" level="INFO">${item_path} = xpath=//*[@class="inventory_item"][5]</msg>
<status status="PASS" starttime="20231204 11:15:55.436" endtime="20231204 11:15:55.437"/>
</kw>
<kw name="Set Test Variable" library="BuiltIn">
<arg>${item_image}</arg>
<doc>Makes a variable available everywhere within the scope of the current test.</doc>
<msg timestamp="20231204 11:15:55.438" level="INFO">${item_image} = xpath=//*[@class="inventory_item"][5]//a/img</msg>
<status status="PASS" starttime="20231204 11:15:55.437" endtime="20231204 11:15:55.438"/>
</kw>
<kw name="Set Test Variable" library="BuiltIn">
<arg>${item_name}</arg>
<doc>Makes a variable available everywhere within the scope of the current test.</doc>
<msg timestamp="20231204 11:15:55.438" level="INFO">${item_name} = xpath=//*[@class="inventory_item"][5]//div[@class='inventory_item_description']//a/div</msg>
<status status="PASS" starttime="20231204 11:15:55.438" endtime="20231204 11:15:55.438"/>
</kw>
<kw name="Set Test Variable" library="BuiltIn">
<arg>${item_description}</arg>
<doc>Makes a variable available everywhere within the scope of the current test.</doc>
<msg timestamp="20231204 11:15:55.439" level="INFO">${item_description} = xpath=//*[@class="inventory_item"][5]//div[@class='inventory_item_desc']</msg>
<status status="PASS" starttime="20231204 11:15:55.439" endtime="20231204 11:15:55.439"/>
</kw>
<kw name="Set Test Variable" library="BuiltIn">
<arg>${item_price}</arg>
<doc>Makes a variable available everywhere within the scope of the current test.</doc>
<msg timestamp="20231204 11:15:55.440" level="INFO">${item_price} = xpath=//*[@class="inventory_item"][5]//div[@class='pricebar']/div</msg>
<status status="PASS" starttime="20231204 11:15:55.439" endtime="20231204 11:15:55.440"/>
</kw>
<kw name="Set Test Variable" library="BuiltIn">
<arg>${add_item_to_cart}</arg>
<doc>Makes a variable available everywhere within the scope of the current test.</doc>
<msg timestamp="20231204 11:15:55.441" level="INFO">${add_item_to_cart} = xpath=//*[@class="inventory_item"][5]//button[@class='btn btn_primary btn_small btn_inventory ']</msg>
<status status="PASS" starttime="20231204 11:15:55.440" endtime="20231204 11:15:55.441"/>
</kw>
<kw name="Set Test Variable" library="BuiltIn">
<arg>${item_remove_button}</arg>
<doc>Makes a variable available everywhere within the scope of the current test.</doc>
<msg timestamp="20231204 11:15:55.442" level="INFO">${item_remove_button} = xpath=//*[@class="inventory_item"][5]//button[@class='btn btn_secondary btn_small btn_inventory ']</msg>
<status status="PASS" starttime="20231204 11:15:55.441" endtime="20231204 11:15:55.442"/>
</kw>
<status status="PASS" starttime="20231204 11:15:55.429" endtime="20231204 11:15:55.442"/>
</kw>
<kw name="Scroll To Element" library="Browser">
<arg>${add_item_to_cart}</arg>
<tag>PageContent</tag>
<tag>Setter</tag>
<doc>This method waits for actionability checks, then tries to scroll element into view,
unless it is completely visible.</doc>
<status status="PASS" starttime="20231204 11:15:55.443" endtime="20231204 11:15:55.484"/>
</kw>
<kw name="Click" library="Browser">
<arg>${add_item_to_cart}</arg>
<tag>PageContent</tag>
<tag>Setter</tag>
<doc>Simulates mouse click on the element found by ``selector``.</doc>
<status status="PASS" starttime="20231204 11:15:55.484" endtime="20231204 11:15:55.550"/>
</kw>
<kw name="Get Text" library="Browser">
<arg>${item_remove_button}</arg>
<tag>Assertion</tag>
<tag>Getter</tag>
<tag>PageContent</tag>
<doc>Returns text attribute of the element found by ``selector``.</doc>
<msg timestamp="20231204 11:15:55.577" level="INFO">Text: 'Remove'</msg>
<status status="PASS" starttime="20231204 11:15:55.551" endtime="20231204 11:15:55.577"/>
</kw>
<status status="PASS" starttime="20231204 11:15:55.428" endtime="20231204 11:15:55.578"/>
</kw>
<status status="PASS" starttime="20231204 11:15:55.428" endtime="20231204 11:15:55.578"/>
</iter>
<iter>
<var name="${counter}">6</var>
<kw name="Add a random item to cart" library="InventoryPageKeywords">
<arg>[${counter}]</arg>
<kw name="Create item property locators" library="InventoryPageKeywords">
<arg>${index_element}</arg>
<kw name="Catenate" library="BuiltIn">
<var>${item_path}</var>
<arg>${items}${index_element}</arg>
<doc>Catenates the given items together and returns the resulted string.</doc>
<msg timestamp="20231204 11:15:55.581" level="INFO">${item_path} = xpath=//*[@class="inventory_item"][6]</msg>
<status status="PASS" starttime="20231204 11:15:55.581" endtime="20231204 11:15:55.581"/>
</kw>
<kw name="Catenate" library="BuiltIn">
<var>${item_image}</var>
<arg>${item_path}${image_path}</arg>
<doc>Catenates the given items together and returns the resulted string.</doc>
<msg timestamp="20231204 11:15:55.582" level="INFO">${item_image} = xpath=//*[@class="inventory_item"][6]//a/img</msg>
<status status="PASS" starttime="20231204 11:15:55.582" endtime="20231204 11:15:55.582"/>
</kw>
<kw name="Catenate" library="BuiltIn">
<var>${item_name}</var>
<arg>${item_path}${name_path}</arg>
<doc>Catenates the given items together and returns the resulted string.</doc>
<msg timestamp="20231204 11:15:55.583" level="INFO">${item_name} = xpath=//*[@class="inventory_item"][6]//div[@class='inventory_item_description']//a/div</msg>
<status status="PASS" starttime="20231204 11:15:55.583" endtime="20231204 11:15:55.583"/>
</kw>
<kw name="Catenate" library="BuiltIn">
<var>${item_description}</var>
<arg>${item_path}${description_path}</arg>
<doc>Catenates the given items together and returns the resulted string.</doc>
<msg timestamp="20231204 11:15:55.584" level="INFO">${item_description} = xpath=//*[@class="inventory_item"][6]//div[@class='inventory_item_desc']</msg>
<status status="PASS" starttime="20231204 11:15:55.584" endtime="20231204 11:15:55.584"/>
</kw>
<kw name="Catenate" library="BuiltIn">
<var>${item_price}</var>
<arg>${item_path}${price_path}</arg>
<doc>Catenates the given items together and returns the resulted string.</doc>
<msg timestamp="20231204 11:15:55.585" level="INFO">${item_price} = xpath=//*[@class="inventory_item"][6]//div[@class='pricebar']/div</msg>
<status status="PASS" starttime="20231204 11:15:55.584" endtime="20231204 11:15:55.585"/>
</kw>
<kw name="Catenate" library="BuiltIn">
<var>${add_item_to_cart}</var>
<arg>${item_path}${add_to_cart_button}</arg>
<doc>Catenates the given items together and returns the resulted string.</doc>
<msg timestamp="20231204 11:15:55.586" level="INFO">${add_item_to_cart} = xpath=//*[@class="inventory_item"][6]//button[@class='btn btn_primary btn_small btn_inventory ']</msg>
<status status="PASS" starttime="20231204 11:15:55.585" endtime="20231204 11:15:55.586"/>
</kw>
<kw name="Catenate" library="BuiltIn">
<var>${item_remove_button}</var>
<arg>${item_path}${remove_button}</arg>
<doc>Catenates the given items together and returns the resulted string.</doc>
<msg timestamp="20231204 11:15:55.587" level="INFO">${item_remove_button} = xpath=//*[@class="inventory_item"][6]//button[@class='btn btn_secondary btn_small btn_inventory ']</msg>
<status status="PASS" starttime="20231204 11:15:55.586" endtime="20231204 11:15:55.587"/>
</kw>
<kw name="Set Test Variable" library="BuiltIn">
<arg>${item_path}</arg>
<doc>Makes a variable available everywhere within the scope of the current test.</doc>
<msg timestamp="20231204 11:15:55.588" level="INFO">${item_path} = xpath=//*[@class="inventory_item"][6]</msg>
<status status="PASS" starttime="20231204 11:15:55.587" endtime="20231204 11:15:55.588"/>
</kw>
<kw name="Set Test Variable" library="BuiltIn">
<arg>${item_image}</arg>
<doc>Makes a variable available everywhere within the scope of the current test.</doc>
<msg timestamp="20231204 11:15:55.588" level="INFO">${item_image} = xpath=//*[@class="inventory_item"][6]//a/img</msg>
<status status="PASS" starttime="20231204 11:15:55.588" endtime="20231204 11:15:55.588"/>
</kw>
<kw name="Set Test Variable" library="BuiltIn">
<arg>${item_name}</arg>
<doc>Makes a variable available everywhere within the scope of the current test.</doc>
<msg timestamp="20231204 11:15:55.590" level="INFO">${item_name} = xpath=//*[@class="inventory_item"][6]//div[@class='inventory_item_description']//a/div</msg>
<status status="PASS" starttime="20231204 11:15:55.589" endtime="20231204 11:15:55.590"/>
</kw>
<kw name="Set Test Variable" library="BuiltIn">
<arg>${item_description}</arg>
<doc>Makes a variable available everywhere within the scope of the current test.</doc>
<msg timestamp="20231204 11:15:55.591" level="INFO">${item_description} = xpath=//*[@class="inventory_item"][6]//div[@class='inventory_item_desc']</msg>
<status status="PASS" starttime="20231204 11:15:55.590" endtime="20231204 11:15:55.591"/>
</kw>
<kw name="Set Test Variable" library="BuiltIn">
<arg>${item_price}</arg>
<doc>Makes a variable available everywhere within the scope of the current test.</doc>
<msg timestamp="20231204 11:15:55.591" level="INFO">${item_price} = xpath=//*[@class="inventory_item"][6]//div[@class='pricebar']/div</msg>
<status status="PASS" starttime="20231204 11:15:55.591" endtime="20231204 11:15:55.591"/>
</kw>
<kw name="Set Test Variable" library="BuiltIn">
<arg>${add_item_to_cart}</arg>
<doc>Makes a variable available everywhere within the scope of the current test.</doc>
<msg timestamp="20231204 11:15:55.592" level="INFO">${add_item_to_cart} = xpath=//*[@class="inventory_item"][6]//button[@class='btn btn_primary btn_small btn_inventory ']</msg>
<status status="PASS" starttime="20231204 11:15:55.592" endtime="20231204 11:15:55.593"/>
</kw>
<kw name="Set Test Variable" library="BuiltIn">
<arg>${item_remove_button}</arg>
<doc>Makes a variable available everywhere within the scope of the current test.</doc>
<msg timestamp="20231204 11:15:55.593" level="INFO">${item_remove_button} = xpath=//*[@class="inventory_item"][6]//button[@class='btn btn_secondary btn_small btn_inventory ']</msg>
<status status="PASS" starttime="20231204 11:15:55.593" endtime="20231204 11:15:55.594"/>
</kw>
<status status="PASS" starttime="20231204 11:15:55.580" endtime="20231204 11:15:55.594"/>
</kw>
<kw name="Scroll To Element" library="Browser">
<arg>${add_item_to_cart}</arg>
<tag>PageContent</tag>
<tag>Setter</tag>
<doc>This method waits for actionability checks, then tries to scroll element into view,
unless it is completely visible.</doc>
<status status="PASS" starttime="20231204 11:15:55.594" endtime="20231204 11:15:55.633"/>
</kw>
<kw name="Click" library="Browser">
<arg>${add_item_to_cart}</arg>
<tag>PageContent</tag>
<tag>Setter</tag>
<doc>Simulates mouse click on the element found by ``selector``.</doc>
<status status="PASS" starttime="20231204 11:15:55.634" endtime="20231204 11:15:55.681"/>
</kw>
<kw name="Get Text" library="Browser">
<arg>${item_remove_button}</arg>
<tag>Assertion</tag>
<tag>Getter</tag>
<tag>PageContent</tag>
<doc>Returns text attribute of the element found by ``selector``.</doc>
<msg timestamp="20231204 11:15:55.708" level="INFO">Text: 'Remove'</msg>
<status status="PASS" starttime="20231204 11:15:55.682" endtime="20231204 11:15:55.708"/>
</kw>
<status status="PASS" starttime="20231204 11:15:55.579" endtime="20231204 11:15:55.708"/>
</kw>
<status status="PASS" starttime="20231204 11:15:55.578" endtime="20231204 11:15:55.709"/>
</iter>
<status status="PASS" starttime="20231204 11:15:54.824" endtime="20231204 11:15:55.709"/>
</for>
<status status="PASS" starttime="20231204 11:15:54.812" endtime="20231204 11:15:55.709"/>
</kw>
<kw name="And Validate item is added" library="InventoryPageKeywords">
<arg>${total_items}</arg>
<kw name="Validate item is added through shopping_cart_badge" library="InventoryPageKeywords">
<arg>${no_of_items_added}</arg>
<kw name="Convert To String" library="BuiltIn">
<var>${string}</var>
<arg>${no_of_items_added}</arg>
<doc>Converts the given item to a Unicode string.</doc>
<msg timestamp="20231204 11:15:55.712" level="INFO">${string} = 6</msg>
<status status="PASS" starttime="20231204 11:15:55.712" endtime="20231204 11:15:55.713"/>
</kw>
<kw name="Get Text" library="Browser">
<arg>${shopping_cart_badge}</arg>
<arg>==</arg>
<arg>${string}</arg>
<tag>Assertion</tag>
<tag>Getter</tag>
<tag>PageContent</tag>
<doc>Returns text attribute of the element found by ``selector``.</doc>
<msg timestamp="20231204 11:15:55.741" level="INFO">Text: '6'</msg>
<status status="PASS" starttime="20231204 11:15:55.713" endtime="20231204 11:15:55.741"/>
</kw>
<status status="PASS" starttime="20231204 11:15:55.711" endtime="20231204 11:15:55.741"/>
</kw>
<kw name="Validate item is added through cart" library="InventoryPageKeywords">
<arg>${no_of_items_added}</arg>
<kw name="Click" library="Browser">
<arg>${cart_link}</arg>
<tag>PageContent</tag>
<tag>Setter</tag>
<doc>Simulates mouse click on the element found by ``selector``.</doc>
<status status="PASS" starttime="20231204 11:15:55.743" endtime="20231204 11:15:55.816"/>
</kw>
<kw name="Get Text" library="Browser">
<arg>${page_title}</arg>
<arg>==</arg>
<arg>Your Cart</arg>
<tag>Assertion</tag>
<tag>Getter</tag>
<tag>PageContent</tag>
<doc>Returns text attribute of the element found by ``selector``.</doc>
<msg timestamp="20231204 11:15:55.841" level="INFO">Text: 'Your Cart'</msg>
<status status="PASS" starttime="20231204 11:15:55.816" endtime="20231204 11:15:55.842"/>
</kw>
<kw name="Get Element Count" library="Browser">
<arg>${cart_items}</arg>
<arg>==</arg>
<arg>${no_of_items_added}</arg>
<tag>Assertion</tag>
<tag>Getter</tag>
<tag>PageContent</tag>
<doc>Returns the count of elements found with ``selector``.</doc>
<status status="PASS" starttime="20231204 11:15:55.842" endtime="20231204 11:15:55.851"/>
</kw>
<status status="PASS" starttime="20231204 11:15:55.742" endtime="20231204 11:15:55.852"/>
</kw>
<status status="PASS" starttime="20231204 11:15:55.710" endtime="20231204 11:15:55.852"/>
</kw>
<kw name="When Open sidebar" library="SidebarPageKeywords">
<kw name="Click" library="Browser">
<arg>${sidebar_menu_button}</arg>
<tag>PageContent</tag>
<tag>Setter</tag>
<doc>Simulates mouse click on the element found by ``selector``.</doc>
<status status="PASS" starttime="20231204 11:15:55.853" endtime="20231204 11:15:55.900"/>
</kw>
<status status="PASS" starttime="20231204 11:15:55.853" endtime="20231204 11:15:55.900"/>
</kw>
<kw name="And Click" library="Browser">
<arg>${reset_app}</arg>
<tag>PageContent</tag>
<tag>Setter</tag>
<doc>Simulates mouse click on the element found by ``selector``.</doc>
<status status="PASS" starttime="20231204 11:15:55.902" endtime="20231204 11:15:56.436"/>
</kw>
<kw name="Then Validate item is added through cart" library="InventoryPageKeywords">
<arg>0</arg>
<kw name="Click" library="Browser">
<arg>${cart_link}</arg>
<tag>PageContent</tag>
<tag>Setter</tag>
<doc>Simulates mouse click on the element found by ``selector``.</doc>
<status status="PASS" starttime="20231204 11:15:56.440" endtime="20231204 11:15:56.490"/>
</kw>
<kw name="Get Text" library="Browser">
<arg>${page_title}</arg>
<arg>==</arg>
<arg>Your Cart</arg>
<tag>Assertion</tag>
<tag>Getter</tag>
<tag>PageContent</tag>
<doc>Returns text attribute of the element found by ``selector``.</doc>
<msg timestamp="20231204 11:15:56.521" level="INFO">Text: 'Your Cart'</msg>
<status status="PASS" starttime="20231204 11:15:56.490" endtime="20231204 11:15:56.521"/>
</kw>
<kw name="Get Element Count" library="Browser">
<arg>${cart_items}</arg>
<arg>==</arg>
<arg>${no_of_items_added}</arg>
<tag>Assertion</tag>
<tag>Getter</tag>
<tag>PageContent</tag>
<doc>Returns the count of elements found with ``selector``.</doc>
<status status="PASS" starttime="20231204 11:15:56.521" endtime="20231204 11:15:56.531"/>
</kw>
<status status="PASS" starttime="20231204 11:15:56.439" endtime="20231204 11:15:56.532"/>
</kw>
<kw name="And Close sidebar" library="SidebarPageKeywords">
<kw name="Click" library="Browser">
<arg>${sidebar_close}</arg>
<tag>PageContent</tag>
<tag>Setter</tag>
<doc>Simulates mouse click on the element found by ``selector``.</doc>
<status status="PASS" starttime="20231204 11:15:56.534" endtime="20231204 11:15:56.579"/>
</kw>
<status status="PASS" starttime="20231204 11:15:56.533" endtime="20231204 11:15:56.579"/>
</kw>
<kw name="Teardown for Logout" library="InventoryPageKeywords" type="TEARDOWN">
<kw name="Logout from application" library="InventoryPageKeywords">
<kw name="Click" library="Browser">
<arg>${sidebar_menu_button}</arg>
<tag>PageContent</tag>
<tag>Setter</tag>
<doc>Simulates mouse click on the element found by ``selector``.</doc>
<status status="PASS" starttime="20231204 11:15:56.583" endtime="20231204 11:15:57.047"/>
</kw>
<kw name="Click" library="Browser">
<arg>${logout}</arg>
<tag>PageContent</tag>
<tag>Setter</tag>
<doc>Simulates mouse click on the element found by ``selector``.</doc>
<status status="PASS" starttime="20231204 11:15:57.047" endtime="20231204 11:15:57.587"/>
</kw>
<status status="PASS" starttime="20231204 11:15:56.582" endtime="20231204 11:15:57.587"/>
</kw>
<kw name="Close Browser" library="Browser">
<tag>BrowserControl</tag>
<tag>Setter</tag>
<doc>Closes the current browser.</doc>
<msg timestamp="20231204 11:15:57.983" level="INFO">Closed browser</msg>
<status status="PASS" starttime="20231204 11:15:57.588" endtime="20231204 11:15:57.983"/>
</kw>
<status status="PASS" starttime="20231204 11:15:56.580" endtime="20231204 11:15:57.984"/>
</kw>
<status status="PASS" starttime="20231204 11:15:26.384" endtime="20231204 11:15:57.994"/>
</test>
<status status="FAIL" starttime="20231204 11:10:50.289" endtime="20231204 11:15:58.112"/>
</suite>
<status status="FAIL" starttime="20231204 10:51:31.642" endtime="20231204 11:15:58.186"/>
</suite>
<statistics>
<total>
<stat pass="37" fail="3" skip="0">All Tests</stat>
</total>
<tag>
</tag>
<suite>
<stat pass="37" fail="3" skip="0" id="s1" name="TestCartpage &amp; TestInventoryPage &amp; TestLoginPage &amp; TestProductPage &amp; TestSidebar">TestCartpage &amp; TestInventoryPage &amp; TestLoginPage &amp; TestProductPage &amp; TestSidebar</stat>
<stat pass="7" fail="1" skip="0" id="s1-s1" name="TestCartpage">TestCartpage &amp; TestInventoryPage &amp; TestLoginPage &amp; TestProductPage &amp; TestSidebar.TestCartpage</stat>
<stat pass="11" fail="1" skip="0" id="s1-s2" name="TestInventoryPage">TestCartpage &amp; TestInventoryPage &amp; TestLoginPage &amp; TestProductPage &amp; TestSidebar.TestInventoryPage</stat>
<stat pass="11" fail="0" skip="0" id="s1-s3" name="TestLoginPage">TestCartpage &amp; TestInventoryPage &amp; TestLoginPage &amp; TestProductPage &amp; TestSidebar.TestLoginPage</stat>
<stat pass="4" fail="0" skip="0" id="s1-s4" name="TestProductPage">TestCartpage &amp; TestInventoryPage &amp; TestLoginPage &amp; TestProductPage &amp; TestSidebar.TestProductPage</stat>
<stat pass="4" fail="1" skip="0" id="s1-s5" name="TestSidebar">TestCartpage &amp; TestInventoryPage &amp; TestLoginPage &amp; TestProductPage &amp; TestSidebar.TestSidebar</stat>
</suite>
</statistics>
<errors>
<msg timestamp="20231204 11:06:30.943" level="WARN">Multiple tests with name 'TC#8_Should be able to login with performance username and valid password' executed in suite 'TestCartpage &amp; TestInventoryPage &amp; TestLoginPage &amp; TestProductPage &amp; TestSidebar.TestLoginPage'.</msg>
</errors>
</robot>
